This file contains any messages produced by compilers while
running configure, to aid debugging if configure makes a mistake.

It was created by curl configure -, which was
generated by GNU Autoconf 2.57.  Invocation command line was

  $ /home/fish/2.0/curl/configure --enable-ultimate3 --cache-file=/dev/null --srcdir=/home/fish/2.0/curl --disable-thread --disable-ipv6 --enable-nonblocking

## --------- ##
## Platform. ##
## --------- ##

hostname = fish-dt.dmz.dynam.ac
uname -m = i686
uname -r = 2.4.20-18.9
uname -s = Linux
uname -v = #1 Thu May 29 07:08:16 EDT 2003

/usr/bin/uname -p = unknown
/bin/uname -X     = unknown

/bin/arch              = i686
/usr/bin/arch -k       = unknown
/usr/convex/getsysinfo = unknown
hostinfo               = unknown
/bin/machine           = unknown
/usr/bin/oslevel       = unknown
/bin/universe          = unknown

PATH: /usr/local/bin
PATH: /bin
PATH: /usr/bin
PATH: /usr/X11R6/bin
PATH: /home/fish/bin


## ----------- ##
## Core tests. ##
## ----------- ##

configure:1338: checking for sed
configure:1357: found /bin/sed
configure:1369: result: /bin/sed
configure:1380: checking for ar
configure:1399: found /usr/bin/ar
configure:1411: result: /usr/bin/ar
configure:1421: checking curl version
configure:1423: result: 7.11.0-CVS
configure:1469: checking build system type
configure:1487: result: i686-pc-linux-gnu
configure:1495: checking host system type
configure:1509: result: i686-pc-linux-gnu
configure:1569: checking for gcc
configure:1585: found /usr/bin/gcc
configure:1595: result: gcc
configure:1839: checking for C compiler version
configure:1842: gcc --version </dev/null >&5
gcc (GCC) 3.2.2 20030222 (Red Hat Linux 3.2.2-5)
Copyright (C) 2002 Free Software Foundation, Inc.
This is free software; see the source for copying conditions.  There is NO
warranty; not even for MERCHANTABILITY or FITNESS FOR A PARTICULAR PURPOSE.

configure:1845: $? = 0
configure:1847: gcc -v </dev/null >&5
Reading specs from /usr/lib/gcc-lib/i386-redhat-linux/3.2.2/specs
Configured with: ../configure --prefix=/usr --mandir=/usr/share/man --infodir=/usr/share/info --enable-shared --enable-threads=posix --disable-checking --with-system-zlib --enable-__cxa_atexit --host=i386-redhat-linux
Thread model: posix
gcc version 3.2.2 20030222 (Red Hat Linux 3.2.2-5)
configure:1850: $? = 0
configure:1852: gcc -V </dev/null >&5
gcc: argument to `-V' is missing
configure:1855: $? = 1
configure:1879: checking for C compiler default output
configure:1882: gcc    conftest.c  >&5
configure:1885: $? = 0
configure:1931: result: a.out
configure:1936: checking whether the C compiler works
configure:1942: ./a.out
configure:1945: $? = 0
configure:1962: result: yes
configure:1969: checking whether we are cross compiling
configure:1971: result: no
configure:1974: checking for suffix of executables
configure:1976: gcc -o conftest    conftest.c  >&5
configure:1979: $? = 0
configure:2004: result: 
configure:2010: checking for suffix of object files
configure:2032: gcc -c   conftest.c >&5
configure:2035: $? = 0
configure:2057: result: o
configure:2061: checking whether we are using the GNU C compiler
configure:2086: gcc -c   conftest.c >&5
configure:2089: $? = 0
configure:2092: test -s conftest.o
configure:2095: $? = 0
configure:2108: result: yes
configure:2114: checking whether gcc accepts -g
configure:2136: gcc -c -g  conftest.c >&5
configure:2139: $? = 0
configure:2142: test -s conftest.o
configure:2145: $? = 0
configure:2156: result: yes
configure:2173: checking for gcc option to accept ANSI C
configure:2234: gcc  -c -g -O2  conftest.c >&5
configure:2237: $? = 0
configure:2240: test -s conftest.o
configure:2243: $? = 0
configure:2261: result: none needed
configure:2279: gcc -c -g -O2  conftest.c >&5
conftest.c:2: parse error before "me"
configure:2282: $? = 1
configure: failed program was:
| #ifndef __cplusplus
|   choke me
| #endif
configure:2397: checking how to run the C preprocessor
configure:2433: gcc -E  conftest.c
configure:2439: $? = 0
configure:2471: gcc -E  conftest.c
configure:2471:28: ac_nonexistent.h: No such file or directory
configure:2477: $? = 1
configure: failed program was:
| #line 2462 "configure"
| /* confdefs.h.  */
| 
| #define PACKAGE_NAME "curl"
| #define PACKAGE_TARNAME "curl"
| #define PACKAGE_VERSION "-"
| #define PACKAGE_STRING "curl -"
| #define PACKAGE_BUGREPORT "curl-bug@haxx.se"
| #define OS "i686-pc-linux-gnu"
| /* end confdefs.h.  */
| #include <ac_nonexistent.h>
configure:2515: result: gcc -E
configure:2540: gcc -E  conftest.c
configure:2546: $? = 0
configure:2578: gcc -E  conftest.c
configure:2578:28: ac_nonexistent.h: No such file or directory
configure:2584: $? = 1
configure: failed program was:
| #line 2569 "configure"
| /* confdefs.h.  */
| 
| #define PACKAGE_NAME "curl"
| #define PACKAGE_TARNAME "curl"
| #define PACKAGE_VERSION "-"
| #define PACKAGE_STRING "curl -"
| #define PACKAGE_BUGREPORT "curl-bug@haxx.se"
| #define OS "i686-pc-linux-gnu"
| /* end confdefs.h.  */
| #include <ac_nonexistent.h>
configure:2627: checking for egrep
configure:2637: result: grep -E
configure:2643: checking for AIX
configure:2666: result: no
configure:2719: checking for gcc
configure:2745: result: gcc
configure:2989: checking for C compiler version
configure:2992: gcc --version </dev/null >&5
gcc (GCC) 3.2.2 20030222 (Red Hat Linux 3.2.2-5)
Copyright (C) 2002 Free Software Foundation, Inc.
This is free software; see the source for copying conditions.  There is NO
warranty; not even for MERCHANTABILITY or FITNESS FOR A PARTICULAR PURPOSE.

configure:2995: $? = 0
configure:2997: gcc -v </dev/null >&5
Reading specs from /usr/lib/gcc-lib/i386-redhat-linux/3.2.2/specs
Configured with: ../configure --prefix=/usr --mandir=/usr/share/man --infodir=/usr/share/info --enable-shared --enable-threads=posix --disable-checking --with-system-zlib --enable-__cxa_atexit --host=i386-redhat-linux
Thread model: posix
gcc version 3.2.2 20030222 (Red Hat Linux 3.2.2-5)
configure:3000: $? = 0
configure:3002: gcc -V </dev/null >&5
gcc: argument to `-V' is missing
configure:3005: $? = 1
configure:3008: checking whether we are using the GNU C compiler
configure:3055: result: yes
configure:3061: checking whether gcc accepts -g
configure:3103: result: yes
configure:3120: checking for gcc option to accept ANSI C
configure:3208: result: none needed
configure:3226: gcc -c -g -O2  conftest.c >&5
conftest.c:2: parse error before "me"
configure:3229: $? = 1
configure: failed program was:
| #ifndef __cplusplus
|   choke me
| #endif
configure:3346: checking for special C compiler options needed for large files
configure:3426: result: no
configure:3432: checking for _FILE_OFFSET_BITS value needed for large files
configure:3464: gcc -c -g -O2  conftest.c >&5
configure:3454: warning: left shift count >= width of type
configure:3454: warning: left shift count >= width of type
configure:3456: size of array `off_t_is_large' is negative
configure:3467: $? = 1
configure: failed program was:
| #line 3439 "configure"
| /* confdefs.h.  */
| 
| #define PACKAGE_NAME "curl"
| #define PACKAGE_TARNAME "curl"
| #define PACKAGE_VERSION "-"
| #define PACKAGE_STRING "curl -"
| #define PACKAGE_BUGREPORT "curl-bug@haxx.se"
| #define OS "i686-pc-linux-gnu"
| /* end confdefs.h.  */
| #include <sys/types.h>
|  /* Check that off_t can represent 2**63 - 1 correctly.
|     We can't simply define LARGE_OFF_T to be 9223372036854775807,
|     since some C++ compilers masquerading as C compilers
|     incorrectly reject 9223372036854775807.  */
| #define LARGE_OFF_T (((off_t) 1 << 62) - 1 + ((off_t) 1 << 62))
|   int off_t_is_large[(LARGE_OFF_T % 2147483629 == 721
| 		       && LARGE_OFF_T % 2147483647 == 1)
| 		      ? 1 : -1];
| int
| main ()
| {
| 
|   ;
|   return 0;
| }
configure:3508: gcc -c -g -O2  conftest.c >&5
configure:3511: $? = 0
configure:3514: test -s conftest.o
configure:3517: $? = 0
configure:3529: result: 64
configure:3539: checking for _LARGE_FILES value needed for large files
configure:3571: gcc -c -g -O2  conftest.c >&5
configure:3574: $? = 0
configure:3577: test -s conftest.o
configure:3580: $? = 0
configure:3636: result: no
configure:3652: checking if we need -no-undefined
configure:3662: result: no
configure:3665: checking if we need -mimpure-text
configure:3677: result: no
configure:3680: checking whether make sets $(MAKE)
configure:3700: result: yes
configure:3710: checking whether to support http
configure:3739: result: yes
configure:3743: checking whether to support ftp
configure:3764: result: yes
configure:3768: checking whether to support gopher
configure:3789: result: yes
configure:3793: checking whether to support file
configure:3814: result: yes
configure:3818: checking whether to support ldap
configure:3839: result: yes
configure:3843: checking whether to support dict
configure:3864: result: yes
configure:3868: checking whether to support telnet
configure:3889: result: yes
configure:3895: checking for gethostbyname
configure:3945: gcc -o conftest -g -O2   conftest.c  >&5
configure:3948: $? = 0
configure:3951: test -s conftest
configure:3954: $? = 0
configure:3965: result: yes
configure:4236: checking for strcasecmp
configure:4286: gcc -o conftest -g -O2   conftest.c  >&5
configure:4289: $? = 0
configure:4292: test -s conftest
configure:4295: $? = 0
configure:4306: result: yes
configure:4439: checking for connect
configure:4489: gcc -o conftest -g -O2   conftest.c  >&5
configure:4492: $? = 0
configure:4495: test -s conftest
configure:4498: $? = 0
configure:4509: result: yes
configure:4581: checking for dlclose
configure:4631: gcc -o conftest -g -O2   conftest.c  >&5
/tmp/ccezs5d2.o(.text+0x11): In function `main':
/home/fish/2.0/curl/configure:4628: undefined reference to `dlclose'
/tmp/ccezs5d2.o(.data+0x0):/home/fish/2.0/curl/configure:4627: undefined reference to `dlclose'
collect2: ld returned 1 exit status
configure:4634: $? = 1
configure: failed program was:
| #line 4586 "configure"
| /* confdefs.h.  */
| 
| #define PACKAGE_NAME "curl"
| #define PACKAGE_TARNAME "curl"
| #define PACKAGE_VERSION "-"
| #define PACKAGE_STRING "curl -"
| #define PACKAGE_BUGREPORT "curl-bug@haxx.se"
| #define OS "i686-pc-linux-gnu"
| #define _FILE_OFFSET_BITS 64
| /* end confdefs.h.  */
| /* System header to define __stub macros and hopefully few prototypes,
|     which can conflict with char dlclose (); below.
|     Prefer <limits.h> to <assert.h> if __STDC__ is defined, since
|     <limits.h> exists even on freestanding compilers.  */
| #ifdef __STDC__
| # include <limits.h>
| #else
| # include <assert.h>
| #endif
| /* Override any gcc2 internal prototype to avoid an error.  */
| #ifdef __cplusplus
| extern "C"
| {
| #endif
| /* We use char because int might match the return type of a gcc2
|    builtin and then its argument prototype would still apply.  */
| char dlclose ();
| /* The GNU C library defines this for functions which it implements
|     to always fail with ENOSYS.  Some functions are actually named
|     something starting with __ and the normal name is an alias.  */
| #if defined (__stub_dlclose) || defined (__stub___dlclose)
| choke me
| #else
| char (*f) () = dlclose;
| #endif
| #ifdef __cplusplus
| }
| #endif
| 
| int
| main ()
| {
| return f != dlclose;
|   ;
|   return 0;
| }
configure:4651: result: no
configure:4657: checking for dlopen in -ldl
configure:4688: gcc -o conftest -g -O2   conftest.c -ldl   >&5
configure:4691: $? = 0
configure:4694: test -s conftest
configure:4697: $? = 0
configure:4709: result: yes
configure:4723: checking whether to use libgcc
configure:4739: result: no
configure:4745: checking whether to enable ipv6
configure:4752: result: no
configure:4918: checking non-blocking sockets style
configure:4962: gcc -c -g -O2  conftest.c >&5
configure:4965: $? = 0
configure:4968: test -s conftest.o
configure:4971: $? = 0
configure:5210: result: O_NONBLOCK
configure:5549: checking for "/dev/urandom"
configure:5564: result: yes
configure:5583: checking if argv can be written to
configure:5601: gcc -o conftest -g -O2   conftest.c -ldl  >&5
configure:5604: $? = 0
configure:5606: ./conftest
configure:5609: $? = 0
configure:5632: result: yes
configure:5689: checking if Kerberos4 support is requested
configure:6661: result: no
configure:6674: checking if SPNEGO support is requested
configure:6700: result: no
configure:6732: checking if GSSAPI support is requested
configure:6783: result: no
configure:6790: checking for pkg-config
configure:6809: found /usr/bin/pkg-config
configure:6822: result: /usr/bin/pkg-config
configure:6830: checking for OpenSSL options using pkg-config
configure:6845: result: yes
configure:6886: checking for CRYPTO_lock in -lcrypto
configure:6917: gcc -o conftest -g -O2  -I/usr/kerberos/include    -L/usr/kerberos/lib   conftest.c -lcrypto  -ldl  -lssl -lcrypto -lgssapi_krb5 -lkrb5 -lcom_err -lk5crypto -lresolv -ldl -lz   >&5
configure:6920: $? = 0
configure:6923: test -s conftest
configure:6926: $? = 0
configure:6938: result: yes
configure:7022: checking for CRYPTO_add_lock in -lcrypto
configure:7053: gcc -o conftest -g -O2  -I/usr/kerberos/include    -L/usr/kerberos/lib   conftest.c -lcrypto  -ldl  -lssl -lcrypto -lgssapi_krb5 -lkrb5 -lcom_err -lk5crypto -lresolv -ldl -lz   >&5
configure:7056: $? = 0
configure:7059: test -s conftest
configure:7062: $? = 0
configure:7074: result: yes
configure:7086: checking for SSL_connect in -lssl
configure:7117: gcc -o conftest -g -O2  -I/usr/kerberos/include    -L/usr/kerberos/lib   conftest.c -lssl  -lcrypto -ldl  -lssl -lcrypto -lgssapi_krb5 -lkrb5 -lcom_err -lk5crypto -lresolv -ldl -lz   >&5
configure:7120: $? = 0
configure:7123: test -s conftest
configure:7126: $? = 0
configure:7138: result: yes
configure:7250: checking openssl/x509.h usability
configure:7263: gcc -c -g -O2  -I/usr/kerberos/include   conftest.c >&5
configure:7266: $? = 0
configure:7269: test -s conftest.o
configure:7272: $? = 0
configure:7282: result: yes
configure:7286: checking openssl/x509.h presence
configure:7297: gcc -E  -I/usr/kerberos/include   conftest.c
configure:7303: $? = 0
configure:7322: result: yes
configure:7358: checking for openssl/x509.h
configure:7365: result: yes
configure:7250: checking openssl/rsa.h usability
configure:7263: gcc -c -g -O2  -I/usr/kerberos/include   conftest.c >&5
configure:7266: $? = 0
configure:7269: test -s conftest.o
configure:7272: $? = 0
configure:7282: result: yes
configure:7286: checking openssl/rsa.h presence
configure:7297: gcc -E  -I/usr/kerberos/include   conftest.c
configure:7303: $? = 0
configure:7322: result: yes
configure:7358: checking for openssl/rsa.h
configure:7365: result: yes
configure:7250: checking openssl/crypto.h usability
configure:7263: gcc -c -g -O2  -I/usr/kerberos/include   conftest.c >&5
configure:7266: $? = 0
configure:7269: test -s conftest.o
configure:7272: $? = 0
configure:7282: result: yes
configure:7286: checking openssl/crypto.h presence
configure:7297: gcc -E  -I/usr/kerberos/include   conftest.c
configure:7303: $? = 0
configure:7322: result: yes
configure:7358: checking for openssl/crypto.h
configure:7365: result: yes
configure:7250: checking openssl/pem.h usability
configure:7263: gcc -c -g -O2  -I/usr/kerberos/include   conftest.c >&5
configure:7266: $? = 0
configure:7269: test -s conftest.o
configure:7272: $? = 0
configure:7282: result: yes
configure:7286: checking openssl/pem.h presence
configure:7297: gcc -E  -I/usr/kerberos/include   conftest.c
configure:7303: $? = 0
configure:7322: result: yes
configure:7358: checking for openssl/pem.h
configure:7365: result: yes
configure:7250: checking openssl/ssl.h usability
configure:7263: gcc -c -g -O2  -I/usr/kerberos/include   conftest.c >&5
configure:7266: $? = 0
configure:7269: test -s conftest.o
configure:7272: $? = 0
configure:7282: result: yes
configure:7286: checking openssl/ssl.h presence
configure:7297: gcc -E  -I/usr/kerberos/include   conftest.c
configure:7303: $? = 0
configure:7322: result: yes
configure:7358: checking for openssl/ssl.h
configure:7365: result: yes
configure:7250: checking openssl/err.h usability
configure:7263: gcc -c -g -O2  -I/usr/kerberos/include   conftest.c >&5
configure:7266: $? = 0
configure:7269: test -s conftest.o
configure:7272: $? = 0
configure:7282: result: yes
configure:7286: checking openssl/err.h presence
configure:7297: gcc -E  -I/usr/kerberos/include   conftest.c
configure:7303: $? = 0
configure:7322: result: yes
configure:7358: checking for openssl/err.h
configure:7365: result: yes
configure:7529: checking for ENGINE_init
configure:7579: gcc -o conftest -g -O2  -I/usr/kerberos/include    -L/usr/kerberos/lib   conftest.c -lssl -lcrypto -ldl  -lssl -lcrypto -lgssapi_krb5 -lkrb5 -lcom_err -lk5crypto -lresolv -ldl -lz   >&5
configure:7582: $? = 0
configure:7585: test -s conftest
configure:7588: $? = 0
configure:7599: result: yes
configure:7616: checking openssl/engine.h usability
configure:7629: gcc -c -g -O2  -I/usr/kerberos/include   conftest.c >&5
configure:7632: $? = 0
configure:7635: test -s conftest.o
configure:7638: $? = 0
configure:7648: result: yes
configure:7652: checking openssl/engine.h presence
configure:7663: gcc -E  -I/usr/kerberos/include   conftest.c
configure:7669: $? = 0
configure:7688: result: yes
configure:7724: checking for openssl/engine.h
configure:7731: result: yes
configure:7760: checking for RAND_status
configure:7810: gcc -o conftest -g -O2  -I/usr/kerberos/include    -L/usr/kerberos/lib   conftest.c -lssl -lcrypto -ldl  -lssl -lcrypto -lgssapi_krb5 -lkrb5 -lcom_err -lk5crypto -lresolv -ldl -lz   >&5
configure:7813: $? = 0
configure:7816: test -s conftest
configure:7819: $? = 0
configure:7830: result: yes
configure:7760: checking for RAND_screen
configure:7810: gcc -o conftest -g -O2  -I/usr/kerberos/include    -L/usr/kerberos/lib   conftest.c -lssl -lcrypto -ldl  -lssl -lcrypto -lgssapi_krb5 -lkrb5 -lcom_err -lk5crypto -lresolv -ldl -lz   >&5
/tmp/ccm2qo2H.o(.text+0x11): In function `main':
/home/fish/2.0/curl/configure:7821: undefined reference to `RAND_screen'
/tmp/ccm2qo2H.o(.data+0x0):/home/fish/2.0/curl/configure:7820: undefined reference to `RAND_screen'
collect2: ld returned 1 exit status
configure:7813: $? = 1
configure: failed program was:
| #line 7765 "configure"
| /* confdefs.h.  */
| 
| #define PACKAGE_NAME "curl"
| #define PACKAGE_TARNAME "curl"
| #define PACKAGE_VERSION "-"
| #define PACKAGE_STRING "curl -"
| #define PACKAGE_BUGREPORT "curl-bug@haxx.se"
| #define OS "i686-pc-linux-gnu"
| #define _FILE_OFFSET_BITS 64
| #define HAVE_LIBDL 1
| #define HAVE_O_NONBLOCK 1
| #define RANDOM_FILE "/dev/urandom"
| #define HAVE_WRITABLE_ARGV 1
| #define HAVE_LIBCRYPTO 1
| #define HAVE_LIBSSL 1
| #define HAVE_OPENSSL_X509_H 1
| #define HAVE_OPENSSL_RSA_H 1
| #define HAVE_OPENSSL_CRYPTO_H 1
| #define HAVE_OPENSSL_PEM_H 1
| #define HAVE_OPENSSL_SSL_H 1
| #define HAVE_OPENSSL_ERR_H 1
| #define HAVE_OPENSSL_ENGINE_H 1
| #define HAVE_RAND_STATUS 1
| /* end confdefs.h.  */
| /* System header to define __stub macros and hopefully few prototypes,
|     which can conflict with char RAND_screen (); below.
|     Prefer <limits.h> to <assert.h> if __STDC__ is defined, since
|     <limits.h> exists even on freestanding compilers.  */
| #ifdef __STDC__
| # include <limits.h>
| #else
| # include <assert.h>
| #endif
| /* Override any gcc2 internal prototype to avoid an error.  */
| #ifdef __cplusplus
| extern "C"
| {
| #endif
| /* We use char because int might match the return type of a gcc2
|    builtin and then its argument prototype would still apply.  */
| char RAND_screen ();
| /* The GNU C library defines this for functions which it implements
|     to always fail with ENOSYS.  Some functions are actually named
|     something starting with __ and the normal name is an alias.  */
| #if defined (__stub_RAND_screen) || defined (__stub___RAND_screen)
| choke me
| #else
| char (*f) () = RAND_screen;
| #endif
| #ifdef __cplusplus
| }
| #endif
| 
| int
| main ()
| {
| return f != RAND_screen;
|   ;
|   return 0;
| }
configure:7830: result: no
configure:7760: checking for RAND_egd
configure:7810: gcc -o conftest -g -O2  -I/usr/kerberos/include    -L/usr/kerberos/lib   conftest.c -lssl -lcrypto -ldl  -lssl -lcrypto -lgssapi_krb5 -lkrb5 -lcom_err -lk5crypto -lresolv -ldl -lz   >&5
configure:7813: $? = 0
configure:7816: test -s conftest
configure:7819: $? = 0
configure:7830: result: yes
configure:7760: checking for CRYPTO_cleanup_all_ex_data
configure:7810: gcc -o conftest -g -O2  -I/usr/kerberos/include    -L/usr/kerberos/lib   conftest.c -lssl -lcrypto -ldl  -lssl -lcrypto -lgssapi_krb5 -lkrb5 -lcom_err -lk5crypto -lresolv -ldl -lz   >&5
configure:7813: $? = 0
configure:7816: test -s conftest
configure:7819: $? = 0
configure:7830: result: yes
configure:7872: checking for inflateEnd in -lz
configure:7903: gcc -o conftest -g -O2  -I/usr/kerberos/include    -L/usr/kerberos/lib   conftest.c -lz  -lssl -lcrypto -ldl  -lssl -lcrypto -lgssapi_krb5 -lkrb5 -lcom_err -lk5crypto -lresolv -ldl -lz   >&5
configure:7906: $? = 0
configure:7909: test -s conftest
configure:7912: $? = 0
configure:7924: result: yes
configure:7951: checking zlib.h usability
configure:7964: gcc -c -g -O2  -I/usr/kerberos/include   conftest.c >&5
configure:7967: $? = 0
configure:7970: test -s conftest.o
configure:7973: $? = 0
configure:7983: result: yes
configure:7987: checking zlib.h presence
configure:7998: gcc -E  -I/usr/kerberos/include   conftest.c
configure:8004: $? = 0
configure:8023: result: yes
configure:8059: checking for zlib.h
configure:8066: result: yes
configure:8072: checking for gzread in -lz
configure:8103: gcc -o conftest -g -O2  -I/usr/kerberos/include    -L/usr/kerberos/lib   conftest.c -lz  -lz -lssl -lcrypto -ldl  -lssl -lcrypto -lgssapi_krb5 -lkrb5 -lcom_err -lk5crypto -lresolv -ldl -lz   >&5
configure:8106: $? = 0
configure:8109: test -s conftest
configure:8112: $? = 0
configure:8124: result: yes
configure:8158: checking AIX 4.3 or later
configure:8169: gcc -E  -I/usr/kerberos/include   conftest.c
conftest.c:5:2: #error "this is not AIX 4.3 or later"
configure:8175: $? = 1
configure: failed program was:
| 
| #if defined(_AIX) && defined(_AIX43)
| printf("just fine");
| #else
| #error "this is not AIX 4.3 or later"
| #endif
| 
configure:8193: result: no
configure:9260: checking for ANSI C header files
configure:9286: gcc -c -g -O2  -I/usr/kerberos/include   conftest.c >&5
configure:9289: $? = 0
configure:9292: test -s conftest.o
configure:9295: $? = 0
configure:9384: gcc -o conftest -g -O2  -I/usr/kerberos/include    -L/usr/kerberos/lib   conftest.c -lz -lssl -lcrypto -ldl  -lssl -lcrypto -lgssapi_krb5 -lkrb5 -lcom_err -lk5crypto -lresolv -ldl -lz   -lz >&5
configure:9387: $? = 0
configure:9389: ./conftest
configure:9392: $? = 0
configure:9407: result: yes
configure:9476: checking for sys/types.h
configure:9507: gcc -c -g -O2  -I/usr/kerberos/include   conftest.c >&5
configure:9510: $? = 0
configure:9513: test -s conftest.o
configure:9516: $? = 0
configure:9527: result: yes
configure:9476: checking for sys/time.h
configure:9507: gcc -c -g -O2  -I/usr/kerberos/include   conftest.c >&5
configure:9510: $? = 0
configure:9513: test -s conftest.o
configure:9516: $? = 0
configure:9527: result: yes
configure:9476: checking for sys/select.h
configure:9507: gcc -c -g -O2  -I/usr/kerberos/include   conftest.c >&5
configure:9510: $? = 0
configure:9513: test -s conftest.o
configure:9516: $? = 0
configure:9527: result: yes
configure:9476: checking for sys/socket.h
configure:9507: gcc -c -g -O2  -I/usr/kerberos/include   conftest.c >&5
configure:9510: $? = 0
configure:9513: test -s conftest.o
configure:9516: $? = 0
configure:9527: result: yes
configure:9476: checking for unistd.h
configure:9507: gcc -c -g -O2  -I/usr/kerberos/include   conftest.c >&5
configure:9510: $? = 0
configure:9513: test -s conftest.o
configure:9516: $? = 0
configure:9527: result: yes
configure:9476: checking for malloc.h
configure:9507: gcc -c -g -O2  -I/usr/kerberos/include   conftest.c >&5
configure:9510: $? = 0
configure:9513: test -s conftest.o
configure:9516: $? = 0
configure:9527: result: yes
configure:9476: checking for stdlib.h
configure:9507: gcc -c -g -O2  -I/usr/kerberos/include   conftest.c >&5
configure:9510: $? = 0
configure:9513: test -s conftest.o
configure:9516: $? = 0
configure:9527: result: yes
configure:9476: checking for arpa/inet.h
configure:9507: gcc -c -g -O2  -I/usr/kerberos/include   conftest.c >&5
configure:9510: $? = 0
configure:9513: test -s conftest.o
configure:9516: $? = 0
configure:9527: result: yes
configure:9476: checking for net/if.h
configure:9507: gcc -c -g -O2  -I/usr/kerberos/include   conftest.c >&5
configure:9510: $? = 0
configure:9513: test -s conftest.o
configure:9516: $? = 0
configure:9527: result: yes
configure:9476: checking for netinet/in.h
configure:9507: gcc -c -g -O2  -I/usr/kerberos/include   conftest.c >&5
configure:9510: $? = 0
configure:9513: test -s conftest.o
configure:9516: $? = 0
configure:9527: result: yes
configure:9476: checking for netdb.h
configure:9507: gcc -c -g -O2  -I/usr/kerberos/include   conftest.c >&5
configure:9510: $? = 0
configure:9513: test -s conftest.o
configure:9516: $? = 0
configure:9527: result: yes
configure:9476: checking for sys/sockio.h
configure:9507: gcc -c -g -O2  -I/usr/kerberos/include   conftest.c >&5
configure:9539:24: sys/sockio.h: No such file or directory
configure:9510: $? = 1
configure: failed program was:
| #line 9481 "configure"
| /* confdefs.h.  */
| 
| #define PACKAGE_NAME "curl"
| #define PACKAGE_TARNAME "curl"
| #define PACKAGE_VERSION "-"
| #define PACKAGE_STRING "curl -"
| #define PACKAGE_BUGREPORT "curl-bug@haxx.se"
| #define OS "i686-pc-linux-gnu"
| #define _FILE_OFFSET_BITS 64
| #define HAVE_LIBDL 1
| #define HAVE_O_NONBLOCK 1
| #define RANDOM_FILE "/dev/urandom"
| #define HAVE_WRITABLE_ARGV 1
| #define HAVE_LIBCRYPTO 1
| #define HAVE_LIBSSL 1
| #define HAVE_OPENSSL_X509_H 1
| #define HAVE_OPENSSL_RSA_H 1
| #define HAVE_OPENSSL_CRYPTO_H 1
| #define HAVE_OPENSSL_PEM_H 1
| #define HAVE_OPENSSL_SSL_H 1
| #define HAVE_OPENSSL_ERR_H 1
| #define HAVE_OPENSSL_ENGINE_H 1
| #define HAVE_RAND_STATUS 1
| #define HAVE_RAND_EGD 1
| #define HAVE_CRYPTO_CLEANUP_ALL_EX_DATA 1
| #define HAVE_LIBZ 1
| #define HAVE_ZLIB_H 1
| #define HAVE_LIBZ 1
| #define DISABLED_THREADSAFE 1
| #define STDC_HEADERS 1
| #define HAVE_SYS_TYPES_H 1
| #define HAVE_SYS_TIME_H 1
| #define HAVE_SYS_SELECT_H 1
| #define HAVE_SYS_SOCKET_H 1
| #define HAVE_UNISTD_H 1
| #define HAVE_MALLOC_H 1
| #define HAVE_STDLIB_H 1
| #define HAVE_ARPA_INET_H 1
| #define HAVE_NET_IF_H 1
| #define HAVE_NETINET_IN_H 1
| #define HAVE_NETDB_H 1
| /* end confdefs.h.  */
| 
| #ifdef HAVE_SYS_TYPES_H
| #include <sys/types.h>
| #endif
| #ifdef HAVE_SYS_TIME_H
| #include <sys/time.h>
| #endif
| #ifdef HAVE_SYS_SELECT_H
| #include <sys/select.h>
| #endif
| #ifdef HAVE_SYS_SOCKET_H
| #include <sys/socket.h>
| #endif
| 
| 
| 
| #include <sys/sockio.h>
configure:9527: result: no
configure:9476: checking for sys/stat.h
configure:9507: gcc -c -g -O2  -I/usr/kerberos/include   conftest.c >&5
configure:9510: $? = 0
configure:9513: test -s conftest.o
configure:9516: $? = 0
configure:9527: result: yes
configure:9476: checking for sys/param.h
configure:9507: gcc -c -g -O2  -I/usr/kerberos/include   conftest.c >&5
configure:9510: $? = 0
configure:9513: test -s conftest.o
configure:9516: $? = 0
configure:9527: result: yes
configure:9476: checking for termios.h
configure:9507: gcc -c -g -O2  -I/usr/kerberos/include   conftest.c >&5
configure:9510: $? = 0
configure:9513: test -s conftest.o
configure:9516: $? = 0
configure:9527: result: yes
configure:9476: checking for termio.h
configure:9507: gcc -c -g -O2  -I/usr/kerberos/include   conftest.c >&5
configure:9510: $? = 0
configure:9513: test -s conftest.o
configure:9516: $? = 0
configure:9527: result: yes
configure:9476: checking for sgtty.h
configure:9507: gcc -c -g -O2  -I/usr/kerberos/include   conftest.c >&5
configure:9510: $? = 0
configure:9513: test -s conftest.o
configure:9516: $? = 0
configure:9527: result: yes
configure:9476: checking for fcntl.h
configure:9507: gcc -c -g -O2  -I/usr/kerberos/include   conftest.c >&5
configure:9510: $? = 0
configure:9513: test -s conftest.o
configure:9516: $? = 0
configure:9527: result: yes
configure:9476: checking for dlfcn.h
configure:9507: gcc -c -g -O2  -I/usr/kerberos/include   conftest.c >&5
configure:9510: $? = 0
configure:9513: test -s conftest.o
configure:9516: $? = 0
configure:9527: result: yes
configure:9476: checking for alloca.h
configure:9507: gcc -c -g -O2  -I/usr/kerberos/include   conftest.c >&5
configure:9510: $? = 0
configure:9513: test -s conftest.o
configure:9516: $? = 0
configure:9527: result: yes
configure:9476: checking for winsock.h
configure:9507: gcc -c -g -O2  -I/usr/kerberos/include   conftest.c >&5
configure:9547:21: winsock.h: No such file or directory
configure:9510: $? = 1
configure: failed program was:
| #line 9481 "configure"
| /* confdefs.h.  */
| 
| #define PACKAGE_NAME "curl"
| #define PACKAGE_TARNAME "curl"
| #define PACKAGE_VERSION "-"
| #define PACKAGE_STRING "curl -"
| #define PACKAGE_BUGREPORT "curl-bug@haxx.se"
| #define OS "i686-pc-linux-gnu"
| #define _FILE_OFFSET_BITS 64
| #define HAVE_LIBDL 1
| #define HAVE_O_NONBLOCK 1
| #define RANDOM_FILE "/dev/urandom"
| #define HAVE_WRITABLE_ARGV 1
| #define HAVE_LIBCRYPTO 1
| #define HAVE_LIBSSL 1
| #define HAVE_OPENSSL_X509_H 1
| #define HAVE_OPENSSL_RSA_H 1
| #define HAVE_OPENSSL_CRYPTO_H 1
| #define HAVE_OPENSSL_PEM_H 1
| #define HAVE_OPENSSL_SSL_H 1
| #define HAVE_OPENSSL_ERR_H 1
| #define HAVE_OPENSSL_ENGINE_H 1
| #define HAVE_RAND_STATUS 1
| #define HAVE_RAND_EGD 1
| #define HAVE_CRYPTO_CLEANUP_ALL_EX_DATA 1
| #define HAVE_LIBZ 1
| #define HAVE_ZLIB_H 1
| #define HAVE_LIBZ 1
| #define DISABLED_THREADSAFE 1
| #define STDC_HEADERS 1
| #define HAVE_SYS_TYPES_H 1
| #define HAVE_SYS_TIME_H 1
| #define HAVE_SYS_SELECT_H 1
| #define HAVE_SYS_SOCKET_H 1
| #define HAVE_UNISTD_H 1
| #define HAVE_MALLOC_H 1
| #define HAVE_STDLIB_H 1
| #define HAVE_ARPA_INET_H 1
| #define HAVE_NET_IF_H 1
| #define HAVE_NETINET_IN_H 1
| #define HAVE_NETDB_H 1
| #define HAVE_SYS_STAT_H 1
| #define HAVE_SYS_PARAM_H 1
| #define HAVE_TERMIOS_H 1
| #define HAVE_TERMIO_H 1
| #define HAVE_SGTTY_H 1
| #define HAVE_FCNTL_H 1
| #define HAVE_DLFCN_H 1
| #define HAVE_ALLOCA_H 1
| /* end confdefs.h.  */
| 
| #ifdef HAVE_SYS_TYPES_H
| #include <sys/types.h>
| #endif
| #ifdef HAVE_SYS_TIME_H
| #include <sys/time.h>
| #endif
| #ifdef HAVE_SYS_SELECT_H
| #include <sys/select.h>
| #endif
| #ifdef HAVE_SYS_SOCKET_H
| #include <sys/socket.h>
| #endif
| 
| 
| 
| #include <winsock.h>
configure:9527: result: no
configure:9476: checking for time.h
configure:9507: gcc -c -g -O2  -I/usr/kerberos/include   conftest.c >&5
configure:9510: $? = 0
configure:9513: test -s conftest.o
configure:9516: $? = 0
configure:9527: result: yes
configure:9476: checking for io.h
configure:9507: gcc -c -g -O2  -I/usr/kerberos/include   conftest.c >&5
configure:9548:16: io.h: No such file or directory
configure:9510: $? = 1
configure: failed program was:
| #line 9481 "configure"
| /* confdefs.h.  */
| 
| #define PACKAGE_NAME "curl"
| #define PACKAGE_TARNAME "curl"
| #define PACKAGE_VERSION "-"
| #define PACKAGE_STRING "curl -"
| #define PACKAGE_BUGREPORT "curl-bug@haxx.se"
| #define OS "i686-pc-linux-gnu"
| #define _FILE_OFFSET_BITS 64
| #define HAVE_LIBDL 1
| #define HAVE_O_NONBLOCK 1
| #define RANDOM_FILE "/dev/urandom"
| #define HAVE_WRITABLE_ARGV 1
| #define HAVE_LIBCRYPTO 1
| #define HAVE_LIBSSL 1
| #define HAVE_OPENSSL_X509_H 1
| #define HAVE_OPENSSL_RSA_H 1
| #define HAVE_OPENSSL_CRYPTO_H 1
| #define HAVE_OPENSSL_PEM_H 1
| #define HAVE_OPENSSL_SSL_H 1
| #define HAVE_OPENSSL_ERR_H 1
| #define HAVE_OPENSSL_ENGINE_H 1
| #define HAVE_RAND_STATUS 1
| #define HAVE_RAND_EGD 1
| #define HAVE_CRYPTO_CLEANUP_ALL_EX_DATA 1
| #define HAVE_LIBZ 1
| #define HAVE_ZLIB_H 1
| #define HAVE_LIBZ 1
| #define DISABLED_THREADSAFE 1
| #define STDC_HEADERS 1
| #define HAVE_SYS_TYPES_H 1
| #define HAVE_SYS_TIME_H 1
| #define HAVE_SYS_SELECT_H 1
| #define HAVE_SYS_SOCKET_H 1
| #define HAVE_UNISTD_H 1
| #define HAVE_MALLOC_H 1
| #define HAVE_STDLIB_H 1
| #define HAVE_ARPA_INET_H 1
| #define HAVE_NET_IF_H 1
| #define HAVE_NETINET_IN_H 1
| #define HAVE_NETDB_H 1
| #define HAVE_SYS_STAT_H 1
| #define HAVE_SYS_PARAM_H 1
| #define HAVE_TERMIOS_H 1
| #define HAVE_TERMIO_H 1
| #define HAVE_SGTTY_H 1
| #define HAVE_FCNTL_H 1
| #define HAVE_DLFCN_H 1
| #define HAVE_ALLOCA_H 1
| #define HAVE_TIME_H 1
| /* end confdefs.h.  */
| 
| #ifdef HAVE_SYS_TYPES_H
| #include <sys/types.h>
| #endif
| #ifdef HAVE_SYS_TIME_H
| #include <sys/time.h>
| #endif
| #ifdef HAVE_SYS_SELECT_H
| #include <sys/select.h>
| #endif
| #ifdef HAVE_SYS_SOCKET_H
| #include <sys/socket.h>
| #endif
| 
| 
| 
| #include <io.h>
configure:9527: result: no
configure:9476: checking for pwd.h
configure:9507: gcc -c -g -O2  -I/usr/kerberos/include   conftest.c >&5
configure:9510: $? = 0
configure:9513: test -s conftest.o
configure:9516: $? = 0
configure:9527: result: yes
configure:9476: checking for utime.h
configure:9507: gcc -c -g -O2  -I/usr/kerberos/include   conftest.c >&5
configure:9510: $? = 0
configure:9513: test -s conftest.o
configure:9516: $? = 0
configure:9527: result: yes
configure:9476: checking for sys/utime.h
configure:9507: gcc -c -g -O2  -I/usr/kerberos/include   conftest.c >&5
configure:9550:23: sys/utime.h: No such file or directory
configure:9510: $? = 1
configure: failed program was:
| #line 9481 "configure"
| /* confdefs.h.  */
| 
| #define PACKAGE_NAME "curl"
| #define PACKAGE_TARNAME "curl"
| #define PACKAGE_VERSION "-"
| #define PACKAGE_STRING "curl -"
| #define PACKAGE_BUGREPORT "curl-bug@haxx.se"
| #define OS "i686-pc-linux-gnu"
| #define _FILE_OFFSET_BITS 64
| #define HAVE_LIBDL 1
| #define HAVE_O_NONBLOCK 1
| #define RANDOM_FILE "/dev/urandom"
| #define HAVE_WRITABLE_ARGV 1
| #define HAVE_LIBCRYPTO 1
| #define HAVE_LIBSSL 1
| #define HAVE_OPENSSL_X509_H 1
| #define HAVE_OPENSSL_RSA_H 1
| #define HAVE_OPENSSL_CRYPTO_H 1
| #define HAVE_OPENSSL_PEM_H 1
| #define HAVE_OPENSSL_SSL_H 1
| #define HAVE_OPENSSL_ERR_H 1
| #define HAVE_OPENSSL_ENGINE_H 1
| #define HAVE_RAND_STATUS 1
| #define HAVE_RAND_EGD 1
| #define HAVE_CRYPTO_CLEANUP_ALL_EX_DATA 1
| #define HAVE_LIBZ 1
| #define HAVE_ZLIB_H 1
| #define HAVE_LIBZ 1
| #define DISABLED_THREADSAFE 1
| #define STDC_HEADERS 1
| #define HAVE_SYS_TYPES_H 1
| #define HAVE_SYS_TIME_H 1
| #define HAVE_SYS_SELECT_H 1
| #define HAVE_SYS_SOCKET_H 1
| #define HAVE_UNISTD_H 1
| #define HAVE_MALLOC_H 1
| #define HAVE_STDLIB_H 1
| #define HAVE_ARPA_INET_H 1
| #define HAVE_NET_IF_H 1
| #define HAVE_NETINET_IN_H 1
| #define HAVE_NETDB_H 1
| #define HAVE_SYS_STAT_H 1
| #define HAVE_SYS_PARAM_H 1
| #define HAVE_TERMIOS_H 1
| #define HAVE_TERMIO_H 1
| #define HAVE_SGTTY_H 1
| #define HAVE_FCNTL_H 1
| #define HAVE_DLFCN_H 1
| #define HAVE_ALLOCA_H 1
| #define HAVE_TIME_H 1
| #define HAVE_PWD_H 1
| #define HAVE_UTIME_H 1
| /* end confdefs.h.  */
| 
| #ifdef HAVE_SYS_TYPES_H
| #include <sys/types.h>
| #endif
| #ifdef HAVE_SYS_TIME_H
| #include <sys/time.h>
| #endif
| #ifdef HAVE_SYS_SELECT_H
| #include <sys/select.h>
| #endif
| #ifdef HAVE_SYS_SOCKET_H
| #include <sys/socket.h>
| #endif
| 
| 
| 
| #include <sys/utime.h>
configure:9527: result: no
configure:9476: checking for sys/poll.h
configure:9507: gcc -c -g -O2  -I/usr/kerberos/include   conftest.c >&5
configure:9510: $? = 0
configure:9513: test -s conftest.o
configure:9516: $? = 0
configure:9527: result: yes
configure:9476: checking for setjmp.h
configure:9507: gcc -c -g -O2  -I/usr/kerberos/include   conftest.c >&5
configure:9510: $? = 0
configure:9513: test -s conftest.o
configure:9516: $? = 0
configure:9527: result: yes
configure:9539: checking for an ANSI C-conforming const
configure:9607: gcc -c -g -O2  -I/usr/kerberos/include   conftest.c >&5
configure:9610: $? = 0
configure:9613: test -s conftest.o
configure:9616: $? = 0
configure:9627: result: yes
configure:9637: checking for size_t
configure:9662: gcc -c -g -O2  -I/usr/kerberos/include   conftest.c >&5
configure:9665: $? = 0
configure:9668: test -s conftest.o
configure:9671: $? = 0
configure:9682: result: yes
configure:9694: checking whether time.h and sys/time.h may both be included
configure:9720: gcc -c -g -O2  -I/usr/kerberos/include   conftest.c >&5
configure:9723: $? = 0
configure:9726: test -s conftest.o
configure:9729: $? = 0
configure:9740: result: yes
configure:9751: checking for off_t
configure:9776: gcc -c -g -O2  -I/usr/kerberos/include   conftest.c >&5
configure:9779: $? = 0
configure:9782: test -s conftest.o
configure:9785: $? = 0
configure:9796: result: yes
configure:9799: checking size of off_t
configure:10074: gcc -o conftest -g -O2  -I/usr/kerberos/include    -L/usr/kerberos/lib   conftest.c -lz -lssl -lcrypto -ldl  -lssl -lcrypto -lgssapi_krb5 -lkrb5 -lcom_err -lk5crypto -lresolv -ldl -lz   -lz >&5
configure:10077: $? = 0
configure:10079: ./conftest
configure:10082: $? = 0
configure:10105: result: 8
configure:10113: checking for long long
configure:10138: gcc -c -g -O2  -I/usr/kerberos/include   conftest.c >&5
configure:10141: $? = 0
configure:10144: test -s conftest.o
configure:10147: $? = 0
configure:10158: result: yes
configure:10170: checking for ssize_t
configure:10195: gcc -c -g -O2  -I/usr/kerberos/include   conftest.c >&5
configure:10198: $? = 0
configure:10201: test -s conftest.o
configure:10204: $? = 0
configure:10215: result: yes
configure:10229: checking for socklen_t
configure:10256: gcc -c -g -O2  -I/usr/kerberos/include   conftest.c >&5
configure:10259: $? = 0
configure:10262: test -s conftest.o
configure:10265: $? = 0
configure:10276: result: yes
configure:10365: checking for in_addr_t
configure:10393: gcc -c -g -O2  -I/usr/kerberos/include   conftest.c >&5
configure:10396: $? = 0
configure:10399: test -s conftest.o
configure:10402: $? = 0
configure:10413: result: yes
configure:10504: checking for sys/select.h
configure:10509: result: yes
configure:10504: checking for sys/socket.h
configure:10509: result: yes
configure:10641: checking types of arguments for select
configure:10675: gcc -c -g -O2  -I/usr/kerberos/include   conftest.c >&5
configure:10678: $? = 0
configure:10681: test -s conftest.o
configure:10684: $? = 0
configure:10700: result: int,fd_set *,struct timeval *
configure:10724: checking return type of signal handlers
configure:10756: gcc -c -g -O2  -I/usr/kerberos/include   conftest.c >&5
configure:10759: $? = 0
configure:10762: test -s conftest.o
configure:10765: $? = 0
configure:10776: result: void
configure:10846: checking for socket
configure:10896: gcc -o conftest -g -O2  -I/usr/kerberos/include    -L/usr/kerberos/lib   conftest.c -lz -lssl -lcrypto -ldl  -lssl -lcrypto -lgssapi_krb5 -lkrb5 -lcom_err -lk5crypto -lresolv -ldl -lz   -lz >&5
configure:10899: $? = 0
configure:10902: test -s conftest
configure:10905: $? = 0
configure:10916: result: yes
configure:10846: checking for select
configure:10896: gcc -o conftest -g -O2  -I/usr/kerberos/include    -L/usr/kerberos/lib   conftest.c -lz -lssl -lcrypto -ldl  -lssl -lcrypto -lgssapi_krb5 -lkrb5 -lcom_err -lk5crypto -lresolv -ldl -lz   -lz >&5
configure:10899: $? = 0
configure:10902: test -s conftest
configure:10905: $? = 0
configure:10916: result: yes
configure:10846: checking for strdup
configure:10896: gcc -o conftest -g -O2  -I/usr/kerberos/include    -L/usr/kerberos/lib   conftest.c -lz -lssl -lcrypto -ldl  -lssl -lcrypto -lgssapi_krb5 -lkrb5 -lcom_err -lk5crypto -lresolv -ldl -lz   -lz >&5
configure:10899: $? = 0
configure:10902: test -s conftest
configure:10905: $? = 0
configure:10916: result: yes
configure:10846: checking for strstr
configure:10896: gcc -o conftest -g -O2  -I/usr/kerberos/include    -L/usr/kerberos/lib   conftest.c -lz -lssl -lcrypto -ldl  -lssl -lcrypto -lgssapi_krb5 -lkrb5 -lcom_err -lk5crypto -lresolv -ldl -lz   -lz >&5
configure:10934: warning: conflicting types for built-in function `strstr'
configure:10899: $? = 0
configure:10902: test -s conftest
configure:10905: $? = 0
configure:10916: result: yes
configure:10846: checking for strtok_r
configure:10896: gcc -o conftest -g -O2  -I/usr/kerberos/include    -L/usr/kerberos/lib   conftest.c -lz -lssl -lcrypto -ldl  -lssl -lcrypto -lgssapi_krb5 -lkrb5 -lcom_err -lk5crypto -lresolv -ldl -lz   -lz >&5
configure:10899: $? = 0
configure:10902: test -s conftest
configure:10905: $? = 0
configure:10916: result: yes
configure:10846: checking for strftime
configure:10896: gcc -o conftest -g -O2  -I/usr/kerberos/include    -L/usr/kerberos/lib   conftest.c -lz -lssl -lcrypto -ldl  -lssl -lcrypto -lgssapi_krb5 -lkrb5 -lcom_err -lk5crypto -lresolv -ldl -lz   -lz >&5
configure:10899: $? = 0
configure:10902: test -s conftest
configure:10905: $? = 0
configure:10916: result: yes
configure:10846: checking for uname
configure:10896: gcc -o conftest -g -O2  -I/usr/kerberos/include    -L/usr/kerberos/lib   conftest.c -lz -lssl -lcrypto -ldl  -lssl -lcrypto -lgssapi_krb5 -lkrb5 -lcom_err -lk5crypto -lresolv -ldl -lz   -lz >&5
configure:10899: $? = 0
configure:10902: test -s conftest
configure:10905: $? = 0
configure:10916: result: yes
configure:10846: checking for strcasecmp
configure:10916: result: yes
configure:10846: checking for stricmp
configure:10896: gcc -o conftest -g -O2  -I/usr/kerberos/include    -L/usr/kerberos/lib   conftest.c -lz -lssl -lcrypto -ldl  -lssl -lcrypto -lgssapi_krb5 -lkrb5 -lcom_err -lk5crypto -lresolv -ldl -lz   -lz >&5
/tmp/ccieCTTe.o(.text+0x11): In function `main':
/home/fish/2.0/curl/configure:10955: undefined reference to `stricmp'
/tmp/ccieCTTe.o(.data+0x0):/home/fish/2.0/curl/configure:10954: undefined reference to `stricmp'
collect2: ld returned 1 exit status
configure:10899: $? = 1
configure: failed program was:
| #line 10851 "configure"
| /* confdefs.h.  */
| 
| #define PACKAGE_NAME "curl"
| #define PACKAGE_TARNAME "curl"
| #define PACKAGE_VERSION "-"
| #define PACKAGE_STRING "curl -"
| #define PACKAGE_BUGREPORT "curl-bug@haxx.se"
| #define OS "i686-pc-linux-gnu"
| #define _FILE_OFFSET_BITS 64
| #define HAVE_LIBDL 1
| #define HAVE_O_NONBLOCK 1
| #define RANDOM_FILE "/dev/urandom"
| #define HAVE_WRITABLE_ARGV 1
| #define HAVE_LIBCRYPTO 1
| #define HAVE_LIBSSL 1
| #define HAVE_OPENSSL_X509_H 1
| #define HAVE_OPENSSL_RSA_H 1
| #define HAVE_OPENSSL_CRYPTO_H 1
| #define HAVE_OPENSSL_PEM_H 1
| #define HAVE_OPENSSL_SSL_H 1
| #define HAVE_OPENSSL_ERR_H 1
| #define HAVE_OPENSSL_ENGINE_H 1
| #define HAVE_RAND_STATUS 1
| #define HAVE_RAND_EGD 1
| #define HAVE_CRYPTO_CLEANUP_ALL_EX_DATA 1
| #define HAVE_LIBZ 1
| #define HAVE_ZLIB_H 1
| #define HAVE_LIBZ 1
| #define DISABLED_THREADSAFE 1
| #define STDC_HEADERS 1
| #define HAVE_SYS_TYPES_H 1
| #define HAVE_SYS_TIME_H 1
| #define HAVE_SYS_SELECT_H 1
| #define HAVE_SYS_SOCKET_H 1
| #define HAVE_UNISTD_H 1
| #define HAVE_MALLOC_H 1
| #define HAVE_STDLIB_H 1
| #define HAVE_ARPA_INET_H 1
| #define HAVE_NET_IF_H 1
| #define HAVE_NETINET_IN_H 1
| #define HAVE_NETDB_H 1
| #define HAVE_SYS_STAT_H 1
| #define HAVE_SYS_PARAM_H 1
| #define HAVE_TERMIOS_H 1
| #define HAVE_TERMIO_H 1
| #define HAVE_SGTTY_H 1
| #define HAVE_FCNTL_H 1
| #define HAVE_DLFCN_H 1
| #define HAVE_ALLOCA_H 1
| #define HAVE_TIME_H 1
| #define HAVE_PWD_H 1
| #define HAVE_UTIME_H 1
| #define HAVE_SYS_POLL_H 1
| #define HAVE_SETJMP_H 1
| #define TIME_WITH_SYS_TIME 1
| #define SIZEOF_OFF_T 8
| #define HAVE_LONGLONG 1
| #define HAVE_SYS_SELECT_H 1
| #define HAVE_SYS_SOCKET_H 1
| #define SELECT_TYPE_ARG1 int
| #define SELECT_TYPE_ARG234 (fd_set *)
| #define SELECT_TYPE_ARG5 (struct timeval *)
| #define RETSIGTYPE void
| #define HAVE_SOCKET 1
| #define HAVE_SELECT 1
| #define HAVE_STRDUP 1
| #define HAVE_STRSTR 1
| #define HAVE_STRTOK_R 1
| #define HAVE_STRFTIME 1
| #define HAVE_UNAME 1
| #define HAVE_STRCASECMP 1
| /* end confdefs.h.  */
| /* System header to define __stub macros and hopefully few prototypes,
|     which can conflict with char stricmp (); below.
|     Prefer <limits.h> to <assert.h> if __STDC__ is defined, since
|     <limits.h> exists even on freestanding compilers.  */
| #ifdef __STDC__
| # include <limits.h>
| #else
| # include <assert.h>
| #endif
| /* Override any gcc2 internal prototype to avoid an error.  */
| #ifdef __cplusplus
| extern "C"
| {
| #endif
| /* We use char because int might match the return type of a gcc2
|    builtin and then its argument prototype would still apply.  */
| char stricmp ();
| /* The GNU C library defines this for functions which it implements
|     to always fail with ENOSYS.  Some functions are actually named
|     something starting with __ and the normal name is an alias.  */
| #if defined (__stub_stricmp) || defined (__stub___stricmp)
| choke me
| #else
| char (*f) () = stricmp;
| #endif
| #ifdef __cplusplus
| }
| #endif
| 
| int
| main ()
| {
| return f != stricmp;
|   ;
|   return 0;
| }
configure:10916: result: no
configure:10925: checking deeper for stricmp
configure:10944: gcc -o conftest -g -O2  -I/usr/kerberos/include    -L/usr/kerberos/lib   conftest.c -lz -lssl -lcrypto -ldl  -lssl -lcrypto -lgssapi_krb5 -lkrb5 -lcom_err -lk5crypto -lresolv -ldl -lz   -lz >&5
/tmp/ccSdmaLV.o(.text+0xa): In function `main':
/home/fish/2.0/curl/configure:11003: undefined reference to `stricmp'
collect2: ld returned 1 exit status
configure:10947: $? = 1
configure: failed program was:
| #line 10927 "configure"
| /* confdefs.h.  */
| 
| #define PACKAGE_NAME "curl"
| #define PACKAGE_TARNAME "curl"
| #define PACKAGE_VERSION "-"
| #define PACKAGE_STRING "curl -"
| #define PACKAGE_BUGREPORT "curl-bug@haxx.se"
| #define OS "i686-pc-linux-gnu"
| #define _FILE_OFFSET_BITS 64
| #define HAVE_LIBDL 1
| #define HAVE_O_NONBLOCK 1
| #define RANDOM_FILE "/dev/urandom"
| #define HAVE_WRITABLE_ARGV 1
| #define HAVE_LIBCRYPTO 1
| #define HAVE_LIBSSL 1
| #define HAVE_OPENSSL_X509_H 1
| #define HAVE_OPENSSL_RSA_H 1
| #define HAVE_OPENSSL_CRYPTO_H 1
| #define HAVE_OPENSSL_PEM_H 1
| #define HAVE_OPENSSL_SSL_H 1
| #define HAVE_OPENSSL_ERR_H 1
| #define HAVE_OPENSSL_ENGINE_H 1
| #define HAVE_RAND_STATUS 1
| #define HAVE_RAND_EGD 1
| #define HAVE_CRYPTO_CLEANUP_ALL_EX_DATA 1
| #define HAVE_LIBZ 1
| #define HAVE_ZLIB_H 1
| #define HAVE_LIBZ 1
| #define DISABLED_THREADSAFE 1
| #define STDC_HEADERS 1
| #define HAVE_SYS_TYPES_H 1
| #define HAVE_SYS_TIME_H 1
| #define HAVE_SYS_SELECT_H 1
| #define HAVE_SYS_SOCKET_H 1
| #define HAVE_UNISTD_H 1
| #define HAVE_MALLOC_H 1
| #define HAVE_STDLIB_H 1
| #define HAVE_ARPA_INET_H 1
| #define HAVE_NET_IF_H 1
| #define HAVE_NETINET_IN_H 1
| #define HAVE_NETDB_H 1
| #define HAVE_SYS_STAT_H 1
| #define HAVE_SYS_PARAM_H 1
| #define HAVE_TERMIOS_H 1
| #define HAVE_TERMIO_H 1
| #define HAVE_SGTTY_H 1
| #define HAVE_FCNTL_H 1
| #define HAVE_DLFCN_H 1
| #define HAVE_ALLOCA_H 1
| #define HAVE_TIME_H 1
| #define HAVE_PWD_H 1
| #define HAVE_UTIME_H 1
| #define HAVE_SYS_POLL_H 1
| #define HAVE_SETJMP_H 1
| #define TIME_WITH_SYS_TIME 1
| #define SIZEOF_OFF_T 8
| #define HAVE_LONGLONG 1
| #define HAVE_SYS_SELECT_H 1
| #define HAVE_SYS_SOCKET_H 1
| #define SELECT_TYPE_ARG1 int
| #define SELECT_TYPE_ARG234 (fd_set *)
| #define SELECT_TYPE_ARG5 (struct timeval *)
| #define RETSIGTYPE void
| #define HAVE_SOCKET 1
| #define HAVE_SELECT 1
| #define HAVE_STRDUP 1
| #define HAVE_STRSTR 1
| #define HAVE_STRTOK_R 1
| #define HAVE_STRFTIME 1
| #define HAVE_UNAME 1
| #define HAVE_STRCASECMP 1
| /* end confdefs.h.  */
| 
| int
| main ()
| {
|  stricmp ();
|   ;
|   return 0;
| }
configure:10968: result: but still no
configure:10846: checking for strcmpi
configure:10896: gcc -o conftest -g -O2  -I/usr/kerberos/include    -L/usr/kerberos/lib   conftest.c -lz -lssl -lcrypto -ldl  -lssl -lcrypto -lgssapi_krb5 -lkrb5 -lcom_err -lk5crypto -lresolv -ldl -lz   -lz >&5
/tmp/ccKaQxFD.o(.text+0x11): In function `main':
/home/fish/2.0/curl/configure:10955: undefined reference to `strcmpi'
/tmp/ccKaQxFD.o(.data+0x0):/home/fish/2.0/curl/configure:10954: undefined reference to `strcmpi'
collect2: ld returned 1 exit status
configure:10899: $? = 1
configure: failed program was:
| #line 10851 "configure"
| /* confdefs.h.  */
| 
| #define PACKAGE_NAME "curl"
| #define PACKAGE_TARNAME "curl"
| #define PACKAGE_VERSION "-"
| #define PACKAGE_STRING "curl -"
| #define PACKAGE_BUGREPORT "curl-bug@haxx.se"
| #define OS "i686-pc-linux-gnu"
| #define _FILE_OFFSET_BITS 64
| #define HAVE_LIBDL 1
| #define HAVE_O_NONBLOCK 1
| #define RANDOM_FILE "/dev/urandom"
| #define HAVE_WRITABLE_ARGV 1
| #define HAVE_LIBCRYPTO 1
| #define HAVE_LIBSSL 1
| #define HAVE_OPENSSL_X509_H 1
| #define HAVE_OPENSSL_RSA_H 1
| #define HAVE_OPENSSL_CRYPTO_H 1
| #define HAVE_OPENSSL_PEM_H 1
| #define HAVE_OPENSSL_SSL_H 1
| #define HAVE_OPENSSL_ERR_H 1
| #define HAVE_OPENSSL_ENGINE_H 1
| #define HAVE_RAND_STATUS 1
| #define HAVE_RAND_EGD 1
| #define HAVE_CRYPTO_CLEANUP_ALL_EX_DATA 1
| #define HAVE_LIBZ 1
| #define HAVE_ZLIB_H 1
| #define HAVE_LIBZ 1
| #define DISABLED_THREADSAFE 1
| #define STDC_HEADERS 1
| #define HAVE_SYS_TYPES_H 1
| #define HAVE_SYS_TIME_H 1
| #define HAVE_SYS_SELECT_H 1
| #define HAVE_SYS_SOCKET_H 1
| #define HAVE_UNISTD_H 1
| #define HAVE_MALLOC_H 1
| #define HAVE_STDLIB_H 1
| #define HAVE_ARPA_INET_H 1
| #define HAVE_NET_IF_H 1
| #define HAVE_NETINET_IN_H 1
| #define HAVE_NETDB_H 1
| #define HAVE_SYS_STAT_H 1
| #define HAVE_SYS_PARAM_H 1
| #define HAVE_TERMIOS_H 1
| #define HAVE_TERMIO_H 1
| #define HAVE_SGTTY_H 1
| #define HAVE_FCNTL_H 1
| #define HAVE_DLFCN_H 1
| #define HAVE_ALLOCA_H 1
| #define HAVE_TIME_H 1
| #define HAVE_PWD_H 1
| #define HAVE_UTIME_H 1
| #define HAVE_SYS_POLL_H 1
| #define HAVE_SETJMP_H 1
| #define TIME_WITH_SYS_TIME 1
| #define SIZEOF_OFF_T 8
| #define HAVE_LONGLONG 1
| #define HAVE_SYS_SELECT_H 1
| #define HAVE_SYS_SOCKET_H 1
| #define SELECT_TYPE_ARG1 int
| #define SELECT_TYPE_ARG234 (fd_set *)
| #define SELECT_TYPE_ARG5 (struct timeval *)
| #define RETSIGTYPE void
| #define HAVE_SOCKET 1
| #define HAVE_SELECT 1
| #define HAVE_STRDUP 1
| #define HAVE_STRSTR 1
| #define HAVE_STRTOK_R 1
| #define HAVE_STRFTIME 1
| #define HAVE_UNAME 1
| #define HAVE_STRCASECMP 1
| /* end confdefs.h.  */
| /* System header to define __stub macros and hopefully few prototypes,
|     which can conflict with char strcmpi (); below.
|     Prefer <limits.h> to <assert.h> if __STDC__ is defined, since
|     <limits.h> exists even on freestanding compilers.  */
| #ifdef __STDC__
| # include <limits.h>
| #else
| # include <assert.h>
| #endif
| /* Override any gcc2 internal prototype to avoid an error.  */
| #ifdef __cplusplus
| extern "C"
| {
| #endif
| /* We use char because int might match the return type of a gcc2
|    builtin and then its argument prototype would still apply.  */
| char strcmpi ();
| /* The GNU C library defines this for functions which it implements
|     to always fail with ENOSYS.  Some functions are actually named
|     something starting with __ and the normal name is an alias.  */
| #if defined (__stub_strcmpi) || defined (__stub___strcmpi)
| choke me
| #else
| char (*f) () = strcmpi;
| #endif
| #ifdef __cplusplus
| }
| #endif
| 
| int
| main ()
| {
| return f != strcmpi;
|   ;
|   return 0;
| }
configure:10916: result: no
configure:10925: checking deeper for strcmpi
configure:10944: gcc -o conftest -g -O2  -I/usr/kerberos/include    -L/usr/kerberos/lib   conftest.c -lz -lssl -lcrypto -ldl  -lssl -lcrypto -lgssapi_krb5 -lkrb5 -lcom_err -lk5crypto -lresolv -ldl -lz   -lz >&5
/tmp/cck0CGHh.o(.text+0xa): In function `main':
/home/fish/2.0/curl/configure:11003: undefined reference to `strcmpi'
collect2: ld returned 1 exit status
configure:10947: $? = 1
configure: failed program was:
| #line 10927 "configure"
| /* confdefs.h.  */
| 
| #define PACKAGE_NAME "curl"
| #define PACKAGE_TARNAME "curl"
| #define PACKAGE_VERSION "-"
| #define PACKAGE_STRING "curl -"
| #define PACKAGE_BUGREPORT "curl-bug@haxx.se"
| #define OS "i686-pc-linux-gnu"
| #define _FILE_OFFSET_BITS 64
| #define HAVE_LIBDL 1
| #define HAVE_O_NONBLOCK 1
| #define RANDOM_FILE "/dev/urandom"
| #define HAVE_WRITABLE_ARGV 1
| #define HAVE_LIBCRYPTO 1
| #define HAVE_LIBSSL 1
| #define HAVE_OPENSSL_X509_H 1
| #define HAVE_OPENSSL_RSA_H 1
| #define HAVE_OPENSSL_CRYPTO_H 1
| #define HAVE_OPENSSL_PEM_H 1
| #define HAVE_OPENSSL_SSL_H 1
| #define HAVE_OPENSSL_ERR_H 1
| #define HAVE_OPENSSL_ENGINE_H 1
| #define HAVE_RAND_STATUS 1
| #define HAVE_RAND_EGD 1
| #define HAVE_CRYPTO_CLEANUP_ALL_EX_DATA 1
| #define HAVE_LIBZ 1
| #define HAVE_ZLIB_H 1
| #define HAVE_LIBZ 1
| #define DISABLED_THREADSAFE 1
| #define STDC_HEADERS 1
| #define HAVE_SYS_TYPES_H 1
| #define HAVE_SYS_TIME_H 1
| #define HAVE_SYS_SELECT_H 1
| #define HAVE_SYS_SOCKET_H 1
| #define HAVE_UNISTD_H 1
| #define HAVE_MALLOC_H 1
| #define HAVE_STDLIB_H 1
| #define HAVE_ARPA_INET_H 1
| #define HAVE_NET_IF_H 1
| #define HAVE_NETINET_IN_H 1
| #define HAVE_NETDB_H 1
| #define HAVE_SYS_STAT_H 1
| #define HAVE_SYS_PARAM_H 1
| #define HAVE_TERMIOS_H 1
| #define HAVE_TERMIO_H 1
| #define HAVE_SGTTY_H 1
| #define HAVE_FCNTL_H 1
| #define HAVE_DLFCN_H 1
| #define HAVE_ALLOCA_H 1
| #define HAVE_TIME_H 1
| #define HAVE_PWD_H 1
| #define HAVE_UTIME_H 1
| #define HAVE_SYS_POLL_H 1
| #define HAVE_SETJMP_H 1
| #define TIME_WITH_SYS_TIME 1
| #define SIZEOF_OFF_T 8
| #define HAVE_LONGLONG 1
| #define HAVE_SYS_SELECT_H 1
| #define HAVE_SYS_SOCKET_H 1
| #define SELECT_TYPE_ARG1 int
| #define SELECT_TYPE_ARG234 (fd_set *)
| #define SELECT_TYPE_ARG5 (struct timeval *)
| #define RETSIGTYPE void
| #define HAVE_SOCKET 1
| #define HAVE_SELECT 1
| #define HAVE_STRDUP 1
| #define HAVE_STRSTR 1
| #define HAVE_STRTOK_R 1
| #define HAVE_STRFTIME 1
| #define HAVE_UNAME 1
| #define HAVE_STRCASECMP 1
| /* end confdefs.h.  */
| 
| int
| main ()
| {
|  strcmpi ();
|   ;
|   return 0;
| }
configure:10968: result: but still no
configure:10846: checking for gethostbyaddr
configure:10896: gcc -o conftest -g -O2  -I/usr/kerberos/include    -L/usr/kerberos/lib   conftest.c -lz -lssl -lcrypto -ldl  -lssl -lcrypto -lgssapi_krb5 -lkrb5 -lcom_err -lk5crypto -lresolv -ldl -lz   -lz >&5
configure:10899: $? = 0
configure:10902: test -s conftest
configure:10905: $? = 0
configure:10916: result: yes
configure:10846: checking for gettimeofday
configure:10896: gcc -o conftest -g -O2  -I/usr/kerberos/include    -L/usr/kerberos/lib   conftest.c -lz -lssl -lcrypto -ldl  -lssl -lcrypto -lgssapi_krb5 -lkrb5 -lcom_err -lk5crypto -lresolv -ldl -lz   -lz >&5
configure:10899: $? = 0
configure:10902: test -s conftest
configure:10905: $? = 0
configure:10916: result: yes
configure:10846: checking for inet_addr
configure:10896: gcc -o conftest -g -O2  -I/usr/kerberos/include    -L/usr/kerberos/lib   conftest.c -lz -lssl -lcrypto -ldl  -lssl -lcrypto -lgssapi_krb5 -lkrb5 -lcom_err -lk5crypto -lresolv -ldl -lz   -lz >&5
configure:10899: $? = 0
configure:10902: test -s conftest
configure:10905: $? = 0
configure:10916: result: yes
configure:10846: checking for inet_ntoa
configure:10896: gcc -o conftest -g -O2  -I/usr/kerberos/include    -L/usr/kerberos/lib   conftest.c -lz -lssl -lcrypto -ldl  -lssl -lcrypto -lgssapi_krb5 -lkrb5 -lcom_err -lk5crypto -lresolv -ldl -lz   -lz >&5
configure:10899: $? = 0
configure:10902: test -s conftest
configure:10905: $? = 0
configure:10916: result: yes
configure:10846: checking for inet_pton
configure:10896: gcc -o conftest -g -O2  -I/usr/kerberos/include    -L/usr/kerberos/lib   conftest.c -lz -lssl -lcrypto -ldl  -lssl -lcrypto -lgssapi_krb5 -lkrb5 -lcom_err -lk5crypto -lresolv -ldl -lz   -lz >&5
configure:10899: $? = 0
configure:10902: test -s conftest
configure:10905: $? = 0
configure:10916: result: yes
configure:10846: checking for tcsetattr
configure:10896: gcc -o conftest -g -O2  -I/usr/kerberos/include    -L/usr/kerberos/lib   conftest.c -lz -lssl -lcrypto -ldl  -lssl -lcrypto -lgssapi_krb5 -lkrb5 -lcom_err -lk5crypto -lresolv -ldl -lz   -lz >&5
configure:10899: $? = 0
configure:10902: test -s conftest
configure:10905: $? = 0
configure:10916: result: yes
configure:10846: checking for tcgetattr
configure:10896: gcc -o conftest -g -O2  -I/usr/kerberos/include    -L/usr/kerberos/lib   conftest.c -lz -lssl -lcrypto -ldl  -lssl -lcrypto -lgssapi_krb5 -lkrb5 -lcom_err -lk5crypto -lresolv -ldl -lz   -lz >&5
configure:10899: $? = 0
configure:10902: test -s conftest
configure:10905: $? = 0
configure:10916: result: yes
configure:10846: checking for perror
configure:10896: gcc -o conftest -g -O2  -I/usr/kerberos/include    -L/usr/kerberos/lib   conftest.c -lz -lssl -lcrypto -ldl  -lssl -lcrypto -lgssapi_krb5 -lkrb5 -lcom_err -lk5crypto -lresolv -ldl -lz   -lz >&5
configure:10899: $? = 0
configure:10902: test -s conftest
configure:10905: $? = 0
configure:10916: result: yes
configure:10846: checking for closesocket
configure:10896: gcc -o conftest -g -O2  -I/usr/kerberos/include    -L/usr/kerberos/lib   conftest.c -lz -lssl -lcrypto -ldl  -lssl -lcrypto -lgssapi_krb5 -lkrb5 -lcom_err -lk5crypto -lresolv -ldl -lz   -lz >&5
/tmp/cc8sWznL.o(.text+0x11): In function `main':
/home/fish/2.0/curl/configure:10963: undefined reference to `closesocket'
/tmp/cc8sWznL.o(.data+0x0):/home/fish/2.0/curl/configure:10962: undefined reference to `closesocket'
collect2: ld returned 1 exit status
configure:10899: $? = 1
configure: failed program was:
| #line 10851 "configure"
| /* confdefs.h.  */
| 
| #define PACKAGE_NAME "curl"
| #define PACKAGE_TARNAME "curl"
| #define PACKAGE_VERSION "-"
| #define PACKAGE_STRING "curl -"
| #define PACKAGE_BUGREPORT "curl-bug@haxx.se"
| #define OS "i686-pc-linux-gnu"
| #define _FILE_OFFSET_BITS 64
| #define HAVE_LIBDL 1
| #define HAVE_O_NONBLOCK 1
| #define RANDOM_FILE "/dev/urandom"
| #define HAVE_WRITABLE_ARGV 1
| #define HAVE_LIBCRYPTO 1
| #define HAVE_LIBSSL 1
| #define HAVE_OPENSSL_X509_H 1
| #define HAVE_OPENSSL_RSA_H 1
| #define HAVE_OPENSSL_CRYPTO_H 1
| #define HAVE_OPENSSL_PEM_H 1
| #define HAVE_OPENSSL_SSL_H 1
| #define HAVE_OPENSSL_ERR_H 1
| #define HAVE_OPENSSL_ENGINE_H 1
| #define HAVE_RAND_STATUS 1
| #define HAVE_RAND_EGD 1
| #define HAVE_CRYPTO_CLEANUP_ALL_EX_DATA 1
| #define HAVE_LIBZ 1
| #define HAVE_ZLIB_H 1
| #define HAVE_LIBZ 1
| #define DISABLED_THREADSAFE 1
| #define STDC_HEADERS 1
| #define HAVE_SYS_TYPES_H 1
| #define HAVE_SYS_TIME_H 1
| #define HAVE_SYS_SELECT_H 1
| #define HAVE_SYS_SOCKET_H 1
| #define HAVE_UNISTD_H 1
| #define HAVE_MALLOC_H 1
| #define HAVE_STDLIB_H 1
| #define HAVE_ARPA_INET_H 1
| #define HAVE_NET_IF_H 1
| #define HAVE_NETINET_IN_H 1
| #define HAVE_NETDB_H 1
| #define HAVE_SYS_STAT_H 1
| #define HAVE_SYS_PARAM_H 1
| #define HAVE_TERMIOS_H 1
| #define HAVE_TERMIO_H 1
| #define HAVE_SGTTY_H 1
| #define HAVE_FCNTL_H 1
| #define HAVE_DLFCN_H 1
| #define HAVE_ALLOCA_H 1
| #define HAVE_TIME_H 1
| #define HAVE_PWD_H 1
| #define HAVE_UTIME_H 1
| #define HAVE_SYS_POLL_H 1
| #define HAVE_SETJMP_H 1
| #define TIME_WITH_SYS_TIME 1
| #define SIZEOF_OFF_T 8
| #define HAVE_LONGLONG 1
| #define HAVE_SYS_SELECT_H 1
| #define HAVE_SYS_SOCKET_H 1
| #define SELECT_TYPE_ARG1 int
| #define SELECT_TYPE_ARG234 (fd_set *)
| #define SELECT_TYPE_ARG5 (struct timeval *)
| #define RETSIGTYPE void
| #define HAVE_SOCKET 1
| #define HAVE_SELECT 1
| #define HAVE_STRDUP 1
| #define HAVE_STRSTR 1
| #define HAVE_STRTOK_R 1
| #define HAVE_STRFTIME 1
| #define HAVE_UNAME 1
| #define HAVE_STRCASECMP 1
| #define HAVE_GETHOSTBYADDR 1
| #define HAVE_GETTIMEOFDAY 1
| #define HAVE_INET_ADDR 1
| #define HAVE_INET_NTOA 1
| #define HAVE_INET_PTON 1
| #define HAVE_TCSETATTR 1
| #define HAVE_TCGETATTR 1
| #define HAVE_PERROR 1
| /* end confdefs.h.  */
| /* System header to define __stub macros and hopefully few prototypes,
|     which can conflict with char closesocket (); below.
|     Prefer <limits.h> to <assert.h> if __STDC__ is defined, since
|     <limits.h> exists even on freestanding compilers.  */
| #ifdef __STDC__
| # include <limits.h>
| #else
| # include <assert.h>
| #endif
| /* Override any gcc2 internal prototype to avoid an error.  */
| #ifdef __cplusplus
| extern "C"
| {
| #endif
| /* We use char because int might match the return type of a gcc2
|    builtin and then its argument prototype would still apply.  */
| char closesocket ();
| /* The GNU C library defines this for functions which it implements
|     to always fail with ENOSYS.  Some functions are actually named
|     something starting with __ and the normal name is an alias.  */
| #if defined (__stub_closesocket) || defined (__stub___closesocket)
| choke me
| #else
| char (*f) () = closesocket;
| #endif
| #ifdef __cplusplus
| }
| #endif
| 
| int
| main ()
| {
| return f != closesocket;
|   ;
|   return 0;
| }
configure:10916: result: no
configure:10925: checking deeper for closesocket
configure:10944: gcc -o conftest -g -O2  -I/usr/kerberos/include    -L/usr/kerberos/lib   conftest.c -lz -lssl -lcrypto -ldl  -lssl -lcrypto -lgssapi_krb5 -lkrb5 -lcom_err -lk5crypto -lresolv -ldl -lz   -lz >&5
/tmp/ccqtjYCs.o(.text+0xa): In function `main':
/home/fish/2.0/curl/configure:11011: undefined reference to `closesocket'
collect2: ld returned 1 exit status
configure:10947: $? = 1
configure: failed program was:
| #line 10927 "configure"
| /* confdefs.h.  */
| 
| #define PACKAGE_NAME "curl"
| #define PACKAGE_TARNAME "curl"
| #define PACKAGE_VERSION "-"
| #define PACKAGE_STRING "curl -"
| #define PACKAGE_BUGREPORT "curl-bug@haxx.se"
| #define OS "i686-pc-linux-gnu"
| #define _FILE_OFFSET_BITS 64
| #define HAVE_LIBDL 1
| #define HAVE_O_NONBLOCK 1
| #define RANDOM_FILE "/dev/urandom"
| #define HAVE_WRITABLE_ARGV 1
| #define HAVE_LIBCRYPTO 1
| #define HAVE_LIBSSL 1
| #define HAVE_OPENSSL_X509_H 1
| #define HAVE_OPENSSL_RSA_H 1
| #define HAVE_OPENSSL_CRYPTO_H 1
| #define HAVE_OPENSSL_PEM_H 1
| #define HAVE_OPENSSL_SSL_H 1
| #define HAVE_OPENSSL_ERR_H 1
| #define HAVE_OPENSSL_ENGINE_H 1
| #define HAVE_RAND_STATUS 1
| #define HAVE_RAND_EGD 1
| #define HAVE_CRYPTO_CLEANUP_ALL_EX_DATA 1
| #define HAVE_LIBZ 1
| #define HAVE_ZLIB_H 1
| #define HAVE_LIBZ 1
| #define DISABLED_THREADSAFE 1
| #define STDC_HEADERS 1
| #define HAVE_SYS_TYPES_H 1
| #define HAVE_SYS_TIME_H 1
| #define HAVE_SYS_SELECT_H 1
| #define HAVE_SYS_SOCKET_H 1
| #define HAVE_UNISTD_H 1
| #define HAVE_MALLOC_H 1
| #define HAVE_STDLIB_H 1
| #define HAVE_ARPA_INET_H 1
| #define HAVE_NET_IF_H 1
| #define HAVE_NETINET_IN_H 1
| #define HAVE_NETDB_H 1
| #define HAVE_SYS_STAT_H 1
| #define HAVE_SYS_PARAM_H 1
| #define HAVE_TERMIOS_H 1
| #define HAVE_TERMIO_H 1
| #define HAVE_SGTTY_H 1
| #define HAVE_FCNTL_H 1
| #define HAVE_DLFCN_H 1
| #define HAVE_ALLOCA_H 1
| #define HAVE_TIME_H 1
| #define HAVE_PWD_H 1
| #define HAVE_UTIME_H 1
| #define HAVE_SYS_POLL_H 1
| #define HAVE_SETJMP_H 1
| #define TIME_WITH_SYS_TIME 1
| #define SIZEOF_OFF_T 8
| #define HAVE_LONGLONG 1
| #define HAVE_SYS_SELECT_H 1
| #define HAVE_SYS_SOCKET_H 1
| #define SELECT_TYPE_ARG1 int
| #define SELECT_TYPE_ARG234 (fd_set *)
| #define SELECT_TYPE_ARG5 (struct timeval *)
| #define RETSIGTYPE void
| #define HAVE_SOCKET 1
| #define HAVE_SELECT 1
| #define HAVE_STRDUP 1
| #define HAVE_STRSTR 1
| #define HAVE_STRTOK_R 1
| #define HAVE_STRFTIME 1
| #define HAVE_UNAME 1
| #define HAVE_STRCASECMP 1
| #define HAVE_GETHOSTBYADDR 1
| #define HAVE_GETTIMEOFDAY 1
| #define HAVE_INET_ADDR 1
| #define HAVE_INET_NTOA 1
| #define HAVE_INET_PTON 1
| #define HAVE_TCSETATTR 1
| #define HAVE_TCGETATTR 1
| #define HAVE_PERROR 1
| /* end confdefs.h.  */
| 
| int
| main ()
| {
|  closesocket ();
|   ;
|   return 0;
| }
configure:10968: result: but still no
configure:10846: checking for siginterrupt
configure:10896: gcc -o conftest -g -O2  -I/usr/kerberos/include    -L/usr/kerberos/lib   conftest.c -lz -lssl -lcrypto -ldl  -lssl -lcrypto -lgssapi_krb5 -lkrb5 -lcom_err -lk5crypto -lresolv -ldl -lz   -lz >&5
configure:10899: $? = 0
configure:10902: test -s conftest
configure:10905: $? = 0
configure:10916: result: yes
configure:10846: checking for sigaction
configure:10896: gcc -o conftest -g -O2  -I/usr/kerberos/include    -L/usr/kerberos/lib   conftest.c -lz -lssl -lcrypto -ldl  -lssl -lcrypto -lgssapi_krb5 -lkrb5 -lcom_err -lk5crypto -lresolv -ldl -lz   -lz >&5
configure:10899: $? = 0
configure:10902: test -s conftest
configure:10905: $? = 0
configure:10916: result: yes
configure:10846: checking for signal
configure:10896: gcc -o conftest -g -O2  -I/usr/kerberos/include    -L/usr/kerberos/lib   conftest.c -lz -lssl -lcrypto -ldl  -lssl -lcrypto -lgssapi_krb5 -lkrb5 -lcom_err -lk5crypto -lresolv -ldl -lz   -lz >&5
configure:10899: $? = 0
configure:10902: test -s conftest
configure:10905: $? = 0
configure:10916: result: yes
configure:10846: checking for getpass_r
configure:10896: gcc -o conftest -g -O2  -I/usr/kerberos/include    -L/usr/kerberos/lib   conftest.c -lz -lssl -lcrypto -ldl  -lssl -lcrypto -lgssapi_krb5 -lkrb5 -lcom_err -lk5crypto -lresolv -ldl -lz   -lz >&5
/tmp/ccosp18e.o(.text+0x11): In function `main':
/home/fish/2.0/curl/configure:10966: undefined reference to `getpass_r'
/tmp/ccosp18e.o(.data+0x0):/home/fish/2.0/curl/configure:10965: undefined reference to `getpass_r'
collect2: ld returned 1 exit status
configure:10899: $? = 1
configure: failed program was:
| #line 10851 "configure"
| /* confdefs.h.  */
| 
| #define PACKAGE_NAME "curl"
| #define PACKAGE_TARNAME "curl"
| #define PACKAGE_VERSION "-"
| #define PACKAGE_STRING "curl -"
| #define PACKAGE_BUGREPORT "curl-bug@haxx.se"
| #define OS "i686-pc-linux-gnu"
| #define _FILE_OFFSET_BITS 64
| #define HAVE_LIBDL 1
| #define HAVE_O_NONBLOCK 1
| #define RANDOM_FILE "/dev/urandom"
| #define HAVE_WRITABLE_ARGV 1
| #define HAVE_LIBCRYPTO 1
| #define HAVE_LIBSSL 1
| #define HAVE_OPENSSL_X509_H 1
| #define HAVE_OPENSSL_RSA_H 1
| #define HAVE_OPENSSL_CRYPTO_H 1
| #define HAVE_OPENSSL_PEM_H 1
| #define HAVE_OPENSSL_SSL_H 1
| #define HAVE_OPENSSL_ERR_H 1
| #define HAVE_OPENSSL_ENGINE_H 1
| #define HAVE_RAND_STATUS 1
| #define HAVE_RAND_EGD 1
| #define HAVE_CRYPTO_CLEANUP_ALL_EX_DATA 1
| #define HAVE_LIBZ 1
| #define HAVE_ZLIB_H 1
| #define HAVE_LIBZ 1
| #define DISABLED_THREADSAFE 1
| #define STDC_HEADERS 1
| #define HAVE_SYS_TYPES_H 1
| #define HAVE_SYS_TIME_H 1
| #define HAVE_SYS_SELECT_H 1
| #define HAVE_SYS_SOCKET_H 1
| #define HAVE_UNISTD_H 1
| #define HAVE_MALLOC_H 1
| #define HAVE_STDLIB_H 1
| #define HAVE_ARPA_INET_H 1
| #define HAVE_NET_IF_H 1
| #define HAVE_NETINET_IN_H 1
| #define HAVE_NETDB_H 1
| #define HAVE_SYS_STAT_H 1
| #define HAVE_SYS_PARAM_H 1
| #define HAVE_TERMIOS_H 1
| #define HAVE_TERMIO_H 1
| #define HAVE_SGTTY_H 1
| #define HAVE_FCNTL_H 1
| #define HAVE_DLFCN_H 1
| #define HAVE_ALLOCA_H 1
| #define HAVE_TIME_H 1
| #define HAVE_PWD_H 1
| #define HAVE_UTIME_H 1
| #define HAVE_SYS_POLL_H 1
| #define HAVE_SETJMP_H 1
| #define TIME_WITH_SYS_TIME 1
| #define SIZEOF_OFF_T 8
| #define HAVE_LONGLONG 1
| #define HAVE_SYS_SELECT_H 1
| #define HAVE_SYS_SOCKET_H 1
| #define SELECT_TYPE_ARG1 int
| #define SELECT_TYPE_ARG234 (fd_set *)
| #define SELECT_TYPE_ARG5 (struct timeval *)
| #define RETSIGTYPE void
| #define HAVE_SOCKET 1
| #define HAVE_SELECT 1
| #define HAVE_STRDUP 1
| #define HAVE_STRSTR 1
| #define HAVE_STRTOK_R 1
| #define HAVE_STRFTIME 1
| #define HAVE_UNAME 1
| #define HAVE_STRCASECMP 1
| #define HAVE_GETHOSTBYADDR 1
| #define HAVE_GETTIMEOFDAY 1
| #define HAVE_INET_ADDR 1
| #define HAVE_INET_NTOA 1
| #define HAVE_INET_PTON 1
| #define HAVE_TCSETATTR 1
| #define HAVE_TCGETATTR 1
| #define HAVE_PERROR 1
| #define HAVE_SIGINTERRUPT 1
| #define HAVE_SIGACTION 1
| #define HAVE_SIGNAL 1
| /* end confdefs.h.  */
| /* System header to define __stub macros and hopefully few prototypes,
|     which can conflict with char getpass_r (); below.
|     Prefer <limits.h> to <assert.h> if __STDC__ is defined, since
|     <limits.h> exists even on freestanding compilers.  */
| #ifdef __STDC__
| # include <limits.h>
| #else
| # include <assert.h>
| #endif
| /* Override any gcc2 internal prototype to avoid an error.  */
| #ifdef __cplusplus
| extern "C"
| {
| #endif
| /* We use char because int might match the return type of a gcc2
|    builtin and then its argument prototype would still apply.  */
| char getpass_r ();
| /* The GNU C library defines this for functions which it implements
|     to always fail with ENOSYS.  Some functions are actually named
|     something starting with __ and the normal name is an alias.  */
| #if defined (__stub_getpass_r) || defined (__stub___getpass_r)
| choke me
| #else
| char (*f) () = getpass_r;
| #endif
| #ifdef __cplusplus
| }
| #endif
| 
| int
| main ()
| {
| return f != getpass_r;
|   ;
|   return 0;
| }
configure:10916: result: no
configure:10925: checking deeper for getpass_r
configure:10944: gcc -o conftest -g -O2  -I/usr/kerberos/include    -L/usr/kerberos/lib   conftest.c -lz -lssl -lcrypto -ldl  -lssl -lcrypto -lgssapi_krb5 -lkrb5 -lcom_err -lk5crypto -lresolv -ldl -lz   -lz >&5
/tmp/ccityk7D.o(.text+0xa): In function `main':
/home/fish/2.0/curl/configure:11014: undefined reference to `getpass_r'
collect2: ld returned 1 exit status
configure:10947: $? = 1
configure: failed program was:
| #line 10927 "configure"
| /* confdefs.h.  */
| 
| #define PACKAGE_NAME "curl"
| #define PACKAGE_TARNAME "curl"
| #define PACKAGE_VERSION "-"
| #define PACKAGE_STRING "curl -"
| #define PACKAGE_BUGREPORT "curl-bug@haxx.se"
| #define OS "i686-pc-linux-gnu"
| #define _FILE_OFFSET_BITS 64
| #define HAVE_LIBDL 1
| #define HAVE_O_NONBLOCK 1
| #define RANDOM_FILE "/dev/urandom"
| #define HAVE_WRITABLE_ARGV 1
| #define HAVE_LIBCRYPTO 1
| #define HAVE_LIBSSL 1
| #define HAVE_OPENSSL_X509_H 1
| #define HAVE_OPENSSL_RSA_H 1
| #define HAVE_OPENSSL_CRYPTO_H 1
| #define HAVE_OPENSSL_PEM_H 1
| #define HAVE_OPENSSL_SSL_H 1
| #define HAVE_OPENSSL_ERR_H 1
| #define HAVE_OPENSSL_ENGINE_H 1
| #define HAVE_RAND_STATUS 1
| #define HAVE_RAND_EGD 1
| #define HAVE_CRYPTO_CLEANUP_ALL_EX_DATA 1
| #define HAVE_LIBZ 1
| #define HAVE_ZLIB_H 1
| #define HAVE_LIBZ 1
| #define DISABLED_THREADSAFE 1
| #define STDC_HEADERS 1
| #define HAVE_SYS_TYPES_H 1
| #define HAVE_SYS_TIME_H 1
| #define HAVE_SYS_SELECT_H 1
| #define HAVE_SYS_SOCKET_H 1
| #define HAVE_UNISTD_H 1
| #define HAVE_MALLOC_H 1
| #define HAVE_STDLIB_H 1
| #define HAVE_ARPA_INET_H 1
| #define HAVE_NET_IF_H 1
| #define HAVE_NETINET_IN_H 1
| #define HAVE_NETDB_H 1
| #define HAVE_SYS_STAT_H 1
| #define HAVE_SYS_PARAM_H 1
| #define HAVE_TERMIOS_H 1
| #define HAVE_TERMIO_H 1
| #define HAVE_SGTTY_H 1
| #define HAVE_FCNTL_H 1
| #define HAVE_DLFCN_H 1
| #define HAVE_ALLOCA_H 1
| #define HAVE_TIME_H 1
| #define HAVE_PWD_H 1
| #define HAVE_UTIME_H 1
| #define HAVE_SYS_POLL_H 1
| #define HAVE_SETJMP_H 1
| #define TIME_WITH_SYS_TIME 1
| #define SIZEOF_OFF_T 8
| #define HAVE_LONGLONG 1
| #define HAVE_SYS_SELECT_H 1
| #define HAVE_SYS_SOCKET_H 1
| #define SELECT_TYPE_ARG1 int
| #define SELECT_TYPE_ARG234 (fd_set *)
| #define SELECT_TYPE_ARG5 (struct timeval *)
| #define RETSIGTYPE void
| #define HAVE_SOCKET 1
| #define HAVE_SELECT 1
| #define HAVE_STRDUP 1
| #define HAVE_STRSTR 1
| #define HAVE_STRTOK_R 1
| #define HAVE_STRFTIME 1
| #define HAVE_UNAME 1
| #define HAVE_STRCASECMP 1
| #define HAVE_GETHOSTBYADDR 1
| #define HAVE_GETTIMEOFDAY 1
| #define HAVE_INET_ADDR 1
| #define HAVE_INET_NTOA 1
| #define HAVE_INET_PTON 1
| #define HAVE_TCSETATTR 1
| #define HAVE_TCGETATTR 1
| #define HAVE_PERROR 1
| #define HAVE_SIGINTERRUPT 1
| #define HAVE_SIGACTION 1
| #define HAVE_SIGNAL 1
| /* end confdefs.h.  */
| 
| int
| main ()
| {
|  getpass_r ();
|   ;
|   return 0;
| }
configure:10968: result: but still no
configure:10846: checking for strlcat
configure:10896: gcc -o conftest -g -O2  -I/usr/kerberos/include    -L/usr/kerberos/lib   conftest.c -lz -lssl -lcrypto -ldl  -lssl -lcrypto -lgssapi_krb5 -lkrb5 -lcom_err -lk5crypto -lresolv -ldl -lz   -lz >&5
/tmp/ccuUWJ8i.o(.text+0x11): In function `main':
/home/fish/2.0/curl/configure:10966: undefined reference to `strlcat'
/tmp/ccuUWJ8i.o(.data+0x0):/home/fish/2.0/curl/configure:10965: undefined reference to `strlcat'
collect2: ld returned 1 exit status
configure:10899: $? = 1
configure: failed program was:
| #line 10851 "configure"
| /* confdefs.h.  */
| 
| #define PACKAGE_NAME "curl"
| #define PACKAGE_TARNAME "curl"
| #define PACKAGE_VERSION "-"
| #define PACKAGE_STRING "curl -"
| #define PACKAGE_BUGREPORT "curl-bug@haxx.se"
| #define OS "i686-pc-linux-gnu"
| #define _FILE_OFFSET_BITS 64
| #define HAVE_LIBDL 1
| #define HAVE_O_NONBLOCK 1
| #define RANDOM_FILE "/dev/urandom"
| #define HAVE_WRITABLE_ARGV 1
| #define HAVE_LIBCRYPTO 1
| #define HAVE_LIBSSL 1
| #define HAVE_OPENSSL_X509_H 1
| #define HAVE_OPENSSL_RSA_H 1
| #define HAVE_OPENSSL_CRYPTO_H 1
| #define HAVE_OPENSSL_PEM_H 1
| #define HAVE_OPENSSL_SSL_H 1
| #define HAVE_OPENSSL_ERR_H 1
| #define HAVE_OPENSSL_ENGINE_H 1
| #define HAVE_RAND_STATUS 1
| #define HAVE_RAND_EGD 1
| #define HAVE_CRYPTO_CLEANUP_ALL_EX_DATA 1
| #define HAVE_LIBZ 1
| #define HAVE_ZLIB_H 1
| #define HAVE_LIBZ 1
| #define DISABLED_THREADSAFE 1
| #define STDC_HEADERS 1
| #define HAVE_SYS_TYPES_H 1
| #define HAVE_SYS_TIME_H 1
| #define HAVE_SYS_SELECT_H 1
| #define HAVE_SYS_SOCKET_H 1
| #define HAVE_UNISTD_H 1
| #define HAVE_MALLOC_H 1
| #define HAVE_STDLIB_H 1
| #define HAVE_ARPA_INET_H 1
| #define HAVE_NET_IF_H 1
| #define HAVE_NETINET_IN_H 1
| #define HAVE_NETDB_H 1
| #define HAVE_SYS_STAT_H 1
| #define HAVE_SYS_PARAM_H 1
| #define HAVE_TERMIOS_H 1
| #define HAVE_TERMIO_H 1
| #define HAVE_SGTTY_H 1
| #define HAVE_FCNTL_H 1
| #define HAVE_DLFCN_H 1
| #define HAVE_ALLOCA_H 1
| #define HAVE_TIME_H 1
| #define HAVE_PWD_H 1
| #define HAVE_UTIME_H 1
| #define HAVE_SYS_POLL_H 1
| #define HAVE_SETJMP_H 1
| #define TIME_WITH_SYS_TIME 1
| #define SIZEOF_OFF_T 8
| #define HAVE_LONGLONG 1
| #define HAVE_SYS_SELECT_H 1
| #define HAVE_SYS_SOCKET_H 1
| #define SELECT_TYPE_ARG1 int
| #define SELECT_TYPE_ARG234 (fd_set *)
| #define SELECT_TYPE_ARG5 (struct timeval *)
| #define RETSIGTYPE void
| #define HAVE_SOCKET 1
| #define HAVE_SELECT 1
| #define HAVE_STRDUP 1
| #define HAVE_STRSTR 1
| #define HAVE_STRTOK_R 1
| #define HAVE_STRFTIME 1
| #define HAVE_UNAME 1
| #define HAVE_STRCASECMP 1
| #define HAVE_GETHOSTBYADDR 1
| #define HAVE_GETTIMEOFDAY 1
| #define HAVE_INET_ADDR 1
| #define HAVE_INET_NTOA 1
| #define HAVE_INET_PTON 1
| #define HAVE_TCSETATTR 1
| #define HAVE_TCGETATTR 1
| #define HAVE_PERROR 1
| #define HAVE_SIGINTERRUPT 1
| #define HAVE_SIGACTION 1
| #define HAVE_SIGNAL 1
| /* end confdefs.h.  */
| /* System header to define __stub macros and hopefully few prototypes,
|     which can conflict with char strlcat (); below.
|     Prefer <limits.h> to <assert.h> if __STDC__ is defined, since
|     <limits.h> exists even on freestanding compilers.  */
| #ifdef __STDC__
| # include <limits.h>
| #else
| # include <assert.h>
| #endif
| /* Override any gcc2 internal prototype to avoid an error.  */
| #ifdef __cplusplus
| extern "C"
| {
| #endif
| /* We use char because int might match the return type of a gcc2
|    builtin and then its argument prototype would still apply.  */
| char strlcat ();
| /* The GNU C library defines this for functions which it implements
|     to always fail with ENOSYS.  Some functions are actually named
|     something starting with __ and the normal name is an alias.  */
| #if defined (__stub_strlcat) || defined (__stub___strlcat)
| choke me
| #else
| char (*f) () = strlcat;
| #endif
| #ifdef __cplusplus
| }
| #endif
| 
| int
| main ()
| {
| return f != strlcat;
|   ;
|   return 0;
| }
configure:10916: result: no
configure:10925: checking deeper for strlcat
configure:10944: gcc -o conftest -g -O2  -I/usr/kerberos/include    -L/usr/kerberos/lib   conftest.c -lz -lssl -lcrypto -ldl  -lssl -lcrypto -lgssapi_krb5 -lkrb5 -lcom_err -lk5crypto -lresolv -ldl -lz   -lz >&5
/tmp/ccsWvcHY.o(.text+0xa): In function `main':
/home/fish/2.0/curl/configure:11014: undefined reference to `strlcat'
collect2: ld returned 1 exit status
configure:10947: $? = 1
configure: failed program was:
| #line 10927 "configure"
| /* confdefs.h.  */
| 
| #define PACKAGE_NAME "curl"
| #define PACKAGE_TARNAME "curl"
| #define PACKAGE_VERSION "-"
| #define PACKAGE_STRING "curl -"
| #define PACKAGE_BUGREPORT "curl-bug@haxx.se"
| #define OS "i686-pc-linux-gnu"
| #define _FILE_OFFSET_BITS 64
| #define HAVE_LIBDL 1
| #define HAVE_O_NONBLOCK 1
| #define RANDOM_FILE "/dev/urandom"
| #define HAVE_WRITABLE_ARGV 1
| #define HAVE_LIBCRYPTO 1
| #define HAVE_LIBSSL 1
| #define HAVE_OPENSSL_X509_H 1
| #define HAVE_OPENSSL_RSA_H 1
| #define HAVE_OPENSSL_CRYPTO_H 1
| #define HAVE_OPENSSL_PEM_H 1
| #define HAVE_OPENSSL_SSL_H 1
| #define HAVE_OPENSSL_ERR_H 1
| #define HAVE_OPENSSL_ENGINE_H 1
| #define HAVE_RAND_STATUS 1
| #define HAVE_RAND_EGD 1
| #define HAVE_CRYPTO_CLEANUP_ALL_EX_DATA 1
| #define HAVE_LIBZ 1
| #define HAVE_ZLIB_H 1
| #define HAVE_LIBZ 1
| #define DISABLED_THREADSAFE 1
| #define STDC_HEADERS 1
| #define HAVE_SYS_TYPES_H 1
| #define HAVE_SYS_TIME_H 1
| #define HAVE_SYS_SELECT_H 1
| #define HAVE_SYS_SOCKET_H 1
| #define HAVE_UNISTD_H 1
| #define HAVE_MALLOC_H 1
| #define HAVE_STDLIB_H 1
| #define HAVE_ARPA_INET_H 1
| #define HAVE_NET_IF_H 1
| #define HAVE_NETINET_IN_H 1
| #define HAVE_NETDB_H 1
| #define HAVE_SYS_STAT_H 1
| #define HAVE_SYS_PARAM_H 1
| #define HAVE_TERMIOS_H 1
| #define HAVE_TERMIO_H 1
| #define HAVE_SGTTY_H 1
| #define HAVE_FCNTL_H 1
| #define HAVE_DLFCN_H 1
| #define HAVE_ALLOCA_H 1
| #define HAVE_TIME_H 1
| #define HAVE_PWD_H 1
| #define HAVE_UTIME_H 1
| #define HAVE_SYS_POLL_H 1
| #define HAVE_SETJMP_H 1
| #define TIME_WITH_SYS_TIME 1
| #define SIZEOF_OFF_T 8
| #define HAVE_LONGLONG 1
| #define HAVE_SYS_SELECT_H 1
| #define HAVE_SYS_SOCKET_H 1
| #define SELECT_TYPE_ARG1 int
| #define SELECT_TYPE_ARG234 (fd_set *)
| #define SELECT_TYPE_ARG5 (struct timeval *)
| #define RETSIGTYPE void
| #define HAVE_SOCKET 1
| #define HAVE_SELECT 1
| #define HAVE_STRDUP 1
| #define HAVE_STRSTR 1
| #define HAVE_STRTOK_R 1
| #define HAVE_STRFTIME 1
| #define HAVE_UNAME 1
| #define HAVE_STRCASECMP 1
| #define HAVE_GETHOSTBYADDR 1
| #define HAVE_GETTIMEOFDAY 1
| #define HAVE_INET_ADDR 1
| #define HAVE_INET_NTOA 1
| #define HAVE_INET_PTON 1
| #define HAVE_TCSETATTR 1
| #define HAVE_TCGETATTR 1
| #define HAVE_PERROR 1
| #define HAVE_SIGINTERRUPT 1
| #define HAVE_SIGACTION 1
| #define HAVE_SIGNAL 1
| /* end confdefs.h.  */
| 
| int
| main ()
| {
|  strlcat ();
|   ;
|   return 0;
| }
configure:10968: result: but still no
configure:10846: checking for getpwuid
configure:10896: gcc -o conftest -g -O2  -I/usr/kerberos/include    -L/usr/kerberos/lib   conftest.c -lz -lssl -lcrypto -ldl  -lssl -lcrypto -lgssapi_krb5 -lkrb5 -lcom_err -lk5crypto -lresolv -ldl -lz   -lz >&5
configure:10899: $? = 0
configure:10902: test -s conftest
configure:10905: $? = 0
configure:10916: result: yes
configure:10846: checking for geteuid
configure:10896: gcc -o conftest -g -O2  -I/usr/kerberos/include    -L/usr/kerberos/lib   conftest.c -lz -lssl -lcrypto -ldl  -lssl -lcrypto -lgssapi_krb5 -lkrb5 -lcom_err -lk5crypto -lresolv -ldl -lz   -lz >&5
configure:10899: $? = 0
configure:10902: test -s conftest
configure:10905: $? = 0
configure:10916: result: yes
configure:10846: checking for dlopen
configure:10896: gcc -o conftest -g -O2  -I/usr/kerberos/include    -L/usr/kerberos/lib   conftest.c -lz -lssl -lcrypto -ldl  -lssl -lcrypto -lgssapi_krb5 -lkrb5 -lcom_err -lk5crypto -lresolv -ldl -lz   -lz >&5
configure:10899: $? = 0
configure:10902: test -s conftest
configure:10905: $? = 0
configure:10916: result: yes
configure:10846: checking for utime
configure:10896: gcc -o conftest -g -O2  -I/usr/kerberos/include    -L/usr/kerberos/lib   conftest.c -lz -lssl -lcrypto -ldl  -lssl -lcrypto -lgssapi_krb5 -lkrb5 -lcom_err -lk5crypto -lresolv -ldl -lz   -lz >&5
configure:10899: $? = 0
configure:10902: test -s conftest
configure:10905: $? = 0
configure:10916: result: yes
configure:10846: checking for sigsetjmp
configure:10896: gcc -o conftest -g -O2  -I/usr/kerberos/include    -L/usr/kerberos/lib   conftest.c -lz -lssl -lcrypto -ldl  -lssl -lcrypto -lgssapi_krb5 -lkrb5 -lcom_err -lk5crypto -lresolv -ldl -lz   -lz >&5
/tmp/ccisxsiE.o(.text+0x11): In function `main':
/home/fish/2.0/curl/configure:10970: undefined reference to `sigsetjmp'
/tmp/ccisxsiE.o(.data+0x0):/home/fish/2.0/curl/configure:10969: undefined reference to `sigsetjmp'
collect2: ld returned 1 exit status
configure:10899: $? = 1
configure: failed program was:
| #line 10851 "configure"
| /* confdefs.h.  */
| 
| #define PACKAGE_NAME "curl"
| #define PACKAGE_TARNAME "curl"
| #define PACKAGE_VERSION "-"
| #define PACKAGE_STRING "curl -"
| #define PACKAGE_BUGREPORT "curl-bug@haxx.se"
| #define OS "i686-pc-linux-gnu"
| #define _FILE_OFFSET_BITS 64
| #define HAVE_LIBDL 1
| #define HAVE_O_NONBLOCK 1
| #define RANDOM_FILE "/dev/urandom"
| #define HAVE_WRITABLE_ARGV 1
| #define HAVE_LIBCRYPTO 1
| #define HAVE_LIBSSL 1
| #define HAVE_OPENSSL_X509_H 1
| #define HAVE_OPENSSL_RSA_H 1
| #define HAVE_OPENSSL_CRYPTO_H 1
| #define HAVE_OPENSSL_PEM_H 1
| #define HAVE_OPENSSL_SSL_H 1
| #define HAVE_OPENSSL_ERR_H 1
| #define HAVE_OPENSSL_ENGINE_H 1
| #define HAVE_RAND_STATUS 1
| #define HAVE_RAND_EGD 1
| #define HAVE_CRYPTO_CLEANUP_ALL_EX_DATA 1
| #define HAVE_LIBZ 1
| #define HAVE_ZLIB_H 1
| #define HAVE_LIBZ 1
| #define DISABLED_THREADSAFE 1
| #define STDC_HEADERS 1
| #define HAVE_SYS_TYPES_H 1
| #define HAVE_SYS_TIME_H 1
| #define HAVE_SYS_SELECT_H 1
| #define HAVE_SYS_SOCKET_H 1
| #define HAVE_UNISTD_H 1
| #define HAVE_MALLOC_H 1
| #define HAVE_STDLIB_H 1
| #define HAVE_ARPA_INET_H 1
| #define HAVE_NET_IF_H 1
| #define HAVE_NETINET_IN_H 1
| #define HAVE_NETDB_H 1
| #define HAVE_SYS_STAT_H 1
| #define HAVE_SYS_PARAM_H 1
| #define HAVE_TERMIOS_H 1
| #define HAVE_TERMIO_H 1
| #define HAVE_SGTTY_H 1
| #define HAVE_FCNTL_H 1
| #define HAVE_DLFCN_H 1
| #define HAVE_ALLOCA_H 1
| #define HAVE_TIME_H 1
| #define HAVE_PWD_H 1
| #define HAVE_UTIME_H 1
| #define HAVE_SYS_POLL_H 1
| #define HAVE_SETJMP_H 1
| #define TIME_WITH_SYS_TIME 1
| #define SIZEOF_OFF_T 8
| #define HAVE_LONGLONG 1
| #define HAVE_SYS_SELECT_H 1
| #define HAVE_SYS_SOCKET_H 1
| #define SELECT_TYPE_ARG1 int
| #define SELECT_TYPE_ARG234 (fd_set *)
| #define SELECT_TYPE_ARG5 (struct timeval *)
| #define RETSIGTYPE void
| #define HAVE_SOCKET 1
| #define HAVE_SELECT 1
| #define HAVE_STRDUP 1
| #define HAVE_STRSTR 1
| #define HAVE_STRTOK_R 1
| #define HAVE_STRFTIME 1
| #define HAVE_UNAME 1
| #define HAVE_STRCASECMP 1
| #define HAVE_GETHOSTBYADDR 1
| #define HAVE_GETTIMEOFDAY 1
| #define HAVE_INET_ADDR 1
| #define HAVE_INET_NTOA 1
| #define HAVE_INET_PTON 1
| #define HAVE_TCSETATTR 1
| #define HAVE_TCGETATTR 1
| #define HAVE_PERROR 1
| #define HAVE_SIGINTERRUPT 1
| #define HAVE_SIGACTION 1
| #define HAVE_SIGNAL 1
| #define HAVE_GETPWUID 1
| #define HAVE_GETEUID 1
| #define HAVE_DLOPEN 1
| #define HAVE_UTIME 1
| /* end confdefs.h.  */
| /* System header to define __stub macros and hopefully few prototypes,
|     which can conflict with char sigsetjmp (); below.
|     Prefer <limits.h> to <assert.h> if __STDC__ is defined, since
|     <limits.h> exists even on freestanding compilers.  */
| #ifdef __STDC__
| # include <limits.h>
| #else
| # include <assert.h>
| #endif
| /* Override any gcc2 internal prototype to avoid an error.  */
| #ifdef __cplusplus
| extern "C"
| {
| #endif
| /* We use char because int might match the return type of a gcc2
|    builtin and then its argument prototype would still apply.  */
| char sigsetjmp ();
| /* The GNU C library defines this for functions which it implements
|     to always fail with ENOSYS.  Some functions are actually named
|     something starting with __ and the normal name is an alias.  */
| #if defined (__stub_sigsetjmp) || defined (__stub___sigsetjmp)
| choke me
| #else
| char (*f) () = sigsetjmp;
| #endif
| #ifdef __cplusplus
| }
| #endif
| 
| int
| main ()
| {
| return f != sigsetjmp;
|   ;
|   return 0;
| }
configure:10916: result: no
configure:10925: checking deeper for sigsetjmp
configure:10944: gcc -o conftest -g -O2  -I/usr/kerberos/include    -L/usr/kerberos/lib   conftest.c -lz -lssl -lcrypto -ldl  -lssl -lcrypto -lgssapi_krb5 -lkrb5 -lcom_err -lk5crypto -lresolv -ldl -lz   -lz >&5
/tmp/cc0rXT1j.o(.text+0xd): In function `main':
/home/fish/2.0/curl/configure:11018: undefined reference to `sigsetjmp'
collect2: ld returned 1 exit status
configure:10947: $? = 1
configure: failed program was:
| #line 10927 "configure"
| /* confdefs.h.  */
| 
| #define PACKAGE_NAME "curl"
| #define PACKAGE_TARNAME "curl"
| #define PACKAGE_VERSION "-"
| #define PACKAGE_STRING "curl -"
| #define PACKAGE_BUGREPORT "curl-bug@haxx.se"
| #define OS "i686-pc-linux-gnu"
| #define _FILE_OFFSET_BITS 64
| #define HAVE_LIBDL 1
| #define HAVE_O_NONBLOCK 1
| #define RANDOM_FILE "/dev/urandom"
| #define HAVE_WRITABLE_ARGV 1
| #define HAVE_LIBCRYPTO 1
| #define HAVE_LIBSSL 1
| #define HAVE_OPENSSL_X509_H 1
| #define HAVE_OPENSSL_RSA_H 1
| #define HAVE_OPENSSL_CRYPTO_H 1
| #define HAVE_OPENSSL_PEM_H 1
| #define HAVE_OPENSSL_SSL_H 1
| #define HAVE_OPENSSL_ERR_H 1
| #define HAVE_OPENSSL_ENGINE_H 1
| #define HAVE_RAND_STATUS 1
| #define HAVE_RAND_EGD 1
| #define HAVE_CRYPTO_CLEANUP_ALL_EX_DATA 1
| #define HAVE_LIBZ 1
| #define HAVE_ZLIB_H 1
| #define HAVE_LIBZ 1
| #define DISABLED_THREADSAFE 1
| #define STDC_HEADERS 1
| #define HAVE_SYS_TYPES_H 1
| #define HAVE_SYS_TIME_H 1
| #define HAVE_SYS_SELECT_H 1
| #define HAVE_SYS_SOCKET_H 1
| #define HAVE_UNISTD_H 1
| #define HAVE_MALLOC_H 1
| #define HAVE_STDLIB_H 1
| #define HAVE_ARPA_INET_H 1
| #define HAVE_NET_IF_H 1
| #define HAVE_NETINET_IN_H 1
| #define HAVE_NETDB_H 1
| #define HAVE_SYS_STAT_H 1
| #define HAVE_SYS_PARAM_H 1
| #define HAVE_TERMIOS_H 1
| #define HAVE_TERMIO_H 1
| #define HAVE_SGTTY_H 1
| #define HAVE_FCNTL_H 1
| #define HAVE_DLFCN_H 1
| #define HAVE_ALLOCA_H 1
| #define HAVE_TIME_H 1
| #define HAVE_PWD_H 1
| #define HAVE_UTIME_H 1
| #define HAVE_SYS_POLL_H 1
| #define HAVE_SETJMP_H 1
| #define TIME_WITH_SYS_TIME 1
| #define SIZEOF_OFF_T 8
| #define HAVE_LONGLONG 1
| #define HAVE_SYS_SELECT_H 1
| #define HAVE_SYS_SOCKET_H 1
| #define SELECT_TYPE_ARG1 int
| #define SELECT_TYPE_ARG234 (fd_set *)
| #define SELECT_TYPE_ARG5 (struct timeval *)
| #define RETSIGTYPE void
| #define HAVE_SOCKET 1
| #define HAVE_SELECT 1
| #define HAVE_STRDUP 1
| #define HAVE_STRSTR 1
| #define HAVE_STRTOK_R 1
| #define HAVE_STRFTIME 1
| #define HAVE_UNAME 1
| #define HAVE_STRCASECMP 1
| #define HAVE_GETHOSTBYADDR 1
| #define HAVE_GETTIMEOFDAY 1
| #define HAVE_INET_ADDR 1
| #define HAVE_INET_NTOA 1
| #define HAVE_INET_PTON 1
| #define HAVE_TCSETATTR 1
| #define HAVE_TCGETATTR 1
| #define HAVE_PERROR 1
| #define HAVE_SIGINTERRUPT 1
| #define HAVE_SIGACTION 1
| #define HAVE_SIGNAL 1
| #define HAVE_GETPWUID 1
| #define HAVE_GETEUID 1
| #define HAVE_DLOPEN 1
| #define HAVE_UTIME 1
| /* end confdefs.h.  */
| 
| int
| main ()
| {
|  sigsetjmp ();
|   ;
|   return 0;
| }
configure:10968: result: but still no
configure:10846: checking for poll
configure:10896: gcc -o conftest -g -O2  -I/usr/kerberos/include    -L/usr/kerberos/lib   conftest.c -lz -lssl -lcrypto -ldl  -lssl -lcrypto -lgssapi_krb5 -lkrb5 -lcom_err -lk5crypto -lresolv -ldl -lz   -lz >&5
configure:10899: $? = 0
configure:10902: test -s conftest
configure:10905: $? = 0
configure:10916: result: yes
configure:10980: checking for sigsetjmp defined as macro
configure:11000: gcc -o conftest -g -O2  -I/usr/kerberos/include    -L/usr/kerberos/lib   conftest.c -lz -lssl -lcrypto -ldl  -lssl -lcrypto -lgssapi_krb5 -lkrb5 -lcom_err -lk5crypto -lresolv -ldl -lz   -lz >&5
configure:11003: $? = 0
configure:11006: test -s conftest
configure:11009: $? = 0
configure:11011: result: yes
configure:11031: checking for perl
configure:11050: found /usr/bin/perl
configure:11062: result: /usr/bin/perl
configure:11075: checking for gnroff
configure:11094: found /usr/bin/gnroff
configure:11106: result: /usr/bin/gnroff
configure:11122: checking for bison
configure:11138: found /usr/bin/bison
configure:11148: result: bison -y
configure:11161: checking whether to enable debug options
configure:11193: result: no
configure:11295: creating ./config.status

## ---------------------- ##
## Running config.status. ##
## ---------------------- ##

This file was extended by curl config.status -, which was
generated by GNU Autoconf 2.57.  Invocation command line was

  CONFIG_FILES    = 
  CONFIG_HEADERS  = 
  CONFIG_LINKS    = 
  CONFIG_COMMANDS = 
  $ ./config.status 

on fish-dt.dmz.dynam.ac

config.status:639: creating Makefile
config.status:639: creating mycurl-config
config.status:735: creating config.h

## ---------------- ##
## Cache variables. ##
## ---------------- ##

ac_cv_build=i686-pc-linux-gnu
ac_cv_build_alias=i686-pc-linux-gnu
ac_cv_c_compiler_gnu=yes
ac_cv_c_const=yes
ac_cv_env_CC_set=
ac_cv_env_CC_value=
ac_cv_env_CFLAGS_set=
ac_cv_env_CFLAGS_value=
ac_cv_env_CPPFLAGS_set=
ac_cv_env_CPPFLAGS_value=
ac_cv_env_CPP_set=
ac_cv_env_CPP_value=
ac_cv_env_LDFLAGS_set=
ac_cv_env_LDFLAGS_value=
ac_cv_env_build_alias_set=
ac_cv_env_build_alias_value=
ac_cv_env_host_alias_set=
ac_cv_env_host_alias_value=
ac_cv_env_target_alias_set=
ac_cv_env_target_alias_value=
ac_cv_exeext=
ac_cv_file___dev_urandom_=yes
ac_cv_func_CRYPTO_cleanup_all_ex_data=yes
ac_cv_func_ENGINE_init=yes
ac_cv_func_RAND_egd=yes
ac_cv_func_RAND_screen=no
ac_cv_func_RAND_status=yes
ac_cv_func_closesocket=no
ac_cv_func_connect=yes
ac_cv_func_dlclose=no
ac_cv_func_dlopen=yes
ac_cv_func_geteuid=yes
ac_cv_func_gethostbyaddr=yes
ac_cv_func_gethostbyname=yes
ac_cv_func_getpass_r=no
ac_cv_func_getpwuid=yes
ac_cv_func_gettimeofday=yes
ac_cv_func_inet_addr=yes
ac_cv_func_inet_ntoa=yes
ac_cv_func_inet_pton=yes
ac_cv_func_perror=yes
ac_cv_func_poll=yes
ac_cv_func_select=yes
ac_cv_func_select_args='int,fd_set *,struct timeval *'
ac_cv_func_sigaction=yes
ac_cv_func_siginterrupt=yes
ac_cv_func_signal=yes
ac_cv_func_sigsetjmp=no
ac_cv_func_socket=yes
ac_cv_func_strcasecmp=yes
ac_cv_func_strcmpi=no
ac_cv_func_strdup=yes
ac_cv_func_strftime=yes
ac_cv_func_stricmp=no
ac_cv_func_strlcat=no
ac_cv_func_strstr=yes
ac_cv_func_strtok_r=yes
ac_cv_func_tcgetattr=yes
ac_cv_func_tcsetattr=yes
ac_cv_func_uname=yes
ac_cv_func_utime=yes
ac_cv_header_alloca_h=yes
ac_cv_header_arpa_inet_h=yes
ac_cv_header_dlfcn_h=yes
ac_cv_header_fcntl_h=yes
ac_cv_header_io_h=no
ac_cv_header_malloc_h=yes
ac_cv_header_net_if_h=yes
ac_cv_header_netdb_h=yes
ac_cv_header_netinet_in_h=yes
ac_cv_header_openssl_crypto_h=yes
ac_cv_header_openssl_engine_h=yes
ac_cv_header_openssl_err_h=yes
ac_cv_header_openssl_pem_h=yes
ac_cv_header_openssl_rsa_h=yes
ac_cv_header_openssl_ssl_h=yes
ac_cv_header_openssl_x509_h=yes
ac_cv_header_pwd_h=yes
ac_cv_header_setjmp_h=yes
ac_cv_header_sgtty_h=yes
ac_cv_header_stdc=yes
ac_cv_header_stdlib_h=yes
ac_cv_header_sys_param_h=yes
ac_cv_header_sys_poll_h=yes
ac_cv_header_sys_select_h=yes
ac_cv_header_sys_socket_h=yes
ac_cv_header_sys_sockio_h=no
ac_cv_header_sys_stat_h=yes
ac_cv_header_sys_time_h=yes
ac_cv_header_sys_types_h=yes
ac_cv_header_sys_utime_h=no
ac_cv_header_termio_h=yes
ac_cv_header_termios_h=yes
ac_cv_header_time=yes
ac_cv_header_time_h=yes
ac_cv_header_unistd_h=yes
ac_cv_header_utime_h=yes
ac_cv_header_winsock_h=no
ac_cv_header_zlib_h=yes
ac_cv_host=i686-pc-linux-gnu
ac_cv_host_alias=i686-pc-linux-gnu
ac_cv_lib_crypto_CRYPTO_add_lock=yes
ac_cv_lib_crypto_CRYPTO_lock=yes
ac_cv_lib_dl_dlopen=yes
ac_cv_lib_ssl_SSL_connect=yes
ac_cv_lib_z_gzread=yes
ac_cv_lib_z_inflateEnd=yes
ac_cv_objext=o
ac_cv_path_AR=/usr/bin/ar
ac_cv_path_NROFF=/usr/bin/gnroff
ac_cv_path_PERL=/usr/bin/perl
ac_cv_path_PKGCONFIG=/usr/bin/pkg-config
ac_cv_path_SED=/bin/sed
ac_cv_prog_CPP='gcc -E'
ac_cv_prog_YACC='bison -y'
ac_cv_prog_ac_ct_CC=gcc
ac_cv_prog_cc_g=yes
ac_cv_prog_cc_stdc=
ac_cv_prog_egrep='grep -E'
ac_cv_prog_make_make_set=yes
ac_cv_sizeof_off_t=8
ac_cv_sys_file_offset_bits=64
ac_cv_sys_large_files=no
ac_cv_sys_largefile_CC=no
ac_cv_type_in_addr_t=yes
ac_cv_type_long_long=yes
ac_cv_type_off_t=yes
ac_cv_type_signal=void
ac_cv_type_size_t=yes
ac_cv_type_socklen_t=yes
ac_cv_type_ssize_t=yes
curl_cv_writable_argv=yes

## ----------------- ##
## Output variables. ##
## ----------------- ##

AR='/usr/bin/ar'
CC='gcc'
CFLAGS='-g -O2'
CPP='gcc -E'
CPPFLAGS=' -I/usr/kerberos/include  '
CURL_DISABLE_DICT=''
CURL_DISABLE_FILE=''
CURL_DISABLE_FTP=''
CURL_DISABLE_GOPHER=''
CURL_DISABLE_HTTP=''
CURL_DISABLE_LDAP=''
CURL_DISABLE_TELNET=''
DEFS='-DHAVE_CONFIG_H'
ECHO_C=''
ECHO_N='-n'
ECHO_T=''
EGREP='grep -E'
EXEEXT=''
HAVE_LIBZ='1'
IPV6_ENABLED=''
KRB4_ENABLED=''
LDFLAGS=' -L/usr/kerberos/lib  '
LIBOBJS=''
LIBS='-lz -lssl -lcrypto -ldl  -lssl -lcrypto -lgssapi_krb5 -lkrb5 -lcom_err -lk5crypto -lresolv -ldl -lz   -lz'
LTLIBOBJS=''
NROFF='/usr/bin/gnroff'
OBJEXT='o'
OPENSSL_ENABLED='1'
PACKAGE_BUGREPORT='curl-bug@haxx.se'
PACKAGE_NAME='curl'
PACKAGE_STRING='curl -'
PACKAGE_TARNAME='curl'
PACKAGE_VERSION='-'
PATH_SEPARATOR=':'
PERL='/usr/bin/perl'
PKGADD_NAME='cURL - a client that groks URLs'
PKGADD_PKG='HAXXcurl'
PKGADD_VENDOR='curl.haxx.se'
PKGCONFIG='/usr/bin/pkg-config'
RANDOM_FILE='/dev/urandom'
SED='/bin/sed'
SET_MAKE=''
SHELL='/bin/sh'
VERSIONNUM='070b00'
YACC='bison -y'
ac_ct_CC='gcc'
bindir='${exec_prefix}/bin'
build='i686-pc-linux-gnu'
build_alias=''
build_cpu='i686'
build_os='linux-gnu'
build_vendor='pc'
datadir='${prefix}/share'
exec_prefix='${prefix}'
host='i686-pc-linux-gnu'
host_alias=''
host_cpu='i686'
host_os='linux-gnu'
host_vendor='pc'
includedir='${prefix}/include'
infodir='${prefix}/info'
libdir='${exec_prefix}/lib'
libexecdir='${exec_prefix}/libexec'
localstatedir='${prefix}/var'
mandir='${prefix}/man'
oldincludedir='/usr/include'
prefix='/usr/local'
program_transform_name='s,x,x,'
sbindir='${exec_prefix}/sbin'
sharedstatedir='${prefix}/com'
sysconfdir='${prefix}/etc'
target_alias=''

## ----------- ##
## confdefs.h. ##
## ----------- ##

#define DISABLED_THREADSAFE 1
#define HAVE_ALLOCA_H 1
#define HAVE_ARPA_INET_H 1
#define HAVE_CRYPTO_CLEANUP_ALL_EX_DATA 1
#define HAVE_DLFCN_H 1
#define HAVE_DLOPEN 1
#define HAVE_FCNTL_H 1
#define HAVE_GETEUID 1
#define HAVE_GETHOSTBYADDR 1
#define HAVE_GETPWUID 1
#define HAVE_GETTIMEOFDAY 1
#define HAVE_INET_ADDR 1
#define HAVE_INET_NTOA 1
#define HAVE_INET_PTON 1
#define HAVE_LIBCRYPTO 1
#define HAVE_LIBDL 1
#define HAVE_LIBSSL 1
#define HAVE_LIBZ 1
#define HAVE_LIBZ 1
#define HAVE_LONGLONG 1
#define HAVE_MALLOC_H 1
#define HAVE_NETDB_H 1
#define HAVE_NETINET_IN_H 1
#define HAVE_NET_IF_H 1
#define HAVE_OPENSSL_CRYPTO_H 1
#define HAVE_OPENSSL_ENGINE_H 1
#define HAVE_OPENSSL_ERR_H 1
#define HAVE_OPENSSL_PEM_H 1
#define HAVE_OPENSSL_RSA_H 1
#define HAVE_OPENSSL_SSL_H 1
#define HAVE_OPENSSL_X509_H 1
#define HAVE_O_NONBLOCK 1
#define HAVE_PERROR 1
#define HAVE_POLL 1
#define HAVE_PWD_H 1
#define HAVE_RAND_EGD 1
#define HAVE_RAND_STATUS 1
#define HAVE_SELECT 1
#define HAVE_SETJMP_H 1
#define HAVE_SGTTY_H 1
#define HAVE_SIGACTION 1
#define HAVE_SIGINTERRUPT 1
#define HAVE_SIGNAL 1
#define HAVE_SIGSETJMP 1
#define HAVE_SOCKET 1
#define HAVE_STDLIB_H 1
#define HAVE_STRCASECMP 1
#define HAVE_STRDUP 1
#define HAVE_STRFTIME 1
#define HAVE_STRSTR 1
#define HAVE_STRTOK_R 1
#define HAVE_SYS_PARAM_H 1
#define HAVE_SYS_POLL_H 1
#define HAVE_SYS_SELECT_H 1
#define HAVE_SYS_SELECT_H 1
#define HAVE_SYS_SOCKET_H 1
#define HAVE_SYS_SOCKET_H 1
#define HAVE_SYS_STAT_H 1
#define HAVE_SYS_TIME_H 1
#define HAVE_SYS_TYPES_H 1
#define HAVE_TCGETATTR 1
#define HAVE_TCSETATTR 1
#define HAVE_TERMIOS_H 1
#define HAVE_TERMIO_H 1
#define HAVE_TIME_H 1
#define HAVE_UNAME 1
#define HAVE_UNISTD_H 1
#define HAVE_UTIME 1
#define HAVE_UTIME_H 1
#define HAVE_WRITABLE_ARGV 1
#define HAVE_ZLIB_H 1
#define OS "i686-pc-linux-gnu"
#define PACKAGE_BUGREPORT "curl-bug@haxx.se"
#define PACKAGE_NAME "curl"
#define PACKAGE_STRING "curl -"
#define PACKAGE_TARNAME "curl"
#define PACKAGE_VERSION "-"
#define RANDOM_FILE "/dev/urandom"
#define RETSIGTYPE void
#define SELECT_TYPE_ARG1 int
#define SELECT_TYPE_ARG234 (fd_set *)
#define SELECT_TYPE_ARG5 (struct timeval *)
#define SIZEOF_OFF_T 8
#define STDC_HEADERS 1
#define TIME_WITH_SYS_TIME 1
#define _FILE_OFFSET_BITS 64

configure: exit 0

## ---------------------- ##
## Running config.status. ##
## ---------------------- ##

This file was extended by curl config.status -, which was
generated by GNU Autoconf 2.57.  Invocation command line was

  CONFIG_FILES    = 
  CONFIG_HEADERS  = 
  CONFIG_LINKS    = 
  CONFIG_COMMANDS = 
  $ ./config.status 

on fish-dt.dmz.dynam.ac

config.status:639: creating Makefile
config.status:639: creating mycurl-config
config.status:735: creating config.h
config.status:1014: config.h is unchanged

## ---------------------- ##
## Running config.status. ##
## ---------------------- ##

This file was extended by curl config.status -, which was
generated by GNU Autoconf 2.57.  Invocation command line was

  CONFIG_FILES    = 
  CONFIG_HEADERS  = 
  CONFIG_LINKS    = 
  CONFIG_COMMANDS = 
  $ ./config.status 

on fish-dt.dmz.dynam.ac

config.status:639: creating Makefile
config.status:639: creating mycurl-config
config.status:735: creating config.h
config.status:1014: config.h is unchanged

## ---------------------- ##
## Running config.status. ##
## ---------------------- ##

This file was extended by curl config.status -, which was
generated by GNU Autoconf 2.57.  Invocation command line was

  CONFIG_FILES    = 
  CONFIG_HEADERS  = 
  CONFIG_LINKS    = 
  CONFIG_COMMANDS = 
  $ ./config.status 

on fish-dt.dmz.dynam.ac

config.status:639: creating Makefile
config.status:639: creating mycurl-config
config.status:735: creating config.h
config.status:1014: config.h is unchanged

## ---------------------- ##
## Running config.status. ##
## ---------------------- ##

This file was extended by curl config.status -, which was
generated by GNU Autoconf 2.57.  Invocation command line was

  CONFIG_FILES    = 
  CONFIG_HEADERS  = 
  CONFIG_LINKS    = 
  CONFIG_COMMANDS = 
  $ ./config.status 

on fish-dt.dmz.dynam.ac

config.status:639: creating Makefile
config.status:639: creating mycurl-config
config.status:735: creating config.h
config.status:1014: config.h is unchanged
